Deploying multi-target app archive mta_archives\Employee-Timesheet_1.0.0.mtar in org 6dfafd79trial / space dev as jatin.bajaj@ccentrik.com...

Previously uploaded file Employee-Timesheet_1.0.0.mtar with same digest detected, new upload will be skipped.
Operation ID: 304f8544-4a46-11f1-aac6-eeee0a96ae62
Deploying in org "6dfafd79trial" and space "dev"
Detected MTA schema version: "3"
Detected deployed MTA with ID "Employee-Timesheet" and version "1.0.0"
Detected new MTA version: "1.0.0"
Deployed MTA version: "1.0.0"
Processing service "Employee-Timesheet-db"...
Processing service "Employee-Timesheet-auth"...
Setting service "Employee-Timesheet-auth" parameters from "xs-security.json"
Updating service "Employee-Timesheet-auth"...
1 of 1 done
Updating application "Employee-Timesheet-db-deployer"...
Updating application "Employee-Timesheet-srv"...
Service instance "Employee-Timesheet-db" will not be rebound to application "Employee-Timesheet-db-deployer" because the binding parameters are not modified
Uploading application "Employee-Timesheet-db-deployer"...
Unbinding service instance "Employee-Timesheet-auth" from application "Employee-Timesheet-srv"...
Content of application "Employee-Timesheet-db-deployer" is not changed - upload will be skipped.
Updating application "Employee-Timesheet"...
Stopping application "Employee-Timesheet-db-deployer"...
Service instance "Employee-Timesheet-db" will not be rebound to application "Employee-Timesheet-srv" because the binding parameters are not modified
Executing task "deploy" on application "Employee-Timesheet-db-deployer"...
Unbinding service instance "Employee-Timesheet-auth" from application "Employee-Timesheet"...
Binding service instance "Employee-Timesheet-auth" to application "Employee-Timesheet"...
Binding service instance "Employee-Timesheet-auth" to application "Employee-Timesheet-srv"...
Execution of task "deploy" on application "Employee-Timesheet-db-deployer" failed.
Download the application logs via the dmol command and check them for more information.
A step of the process has failed. Retrying it may solve the issue.
Uploading application "Employee-Timesheet"...
Uploading application "Employee-Timesheet-srv"...
Content of application "Employee-Timesheet" is not changed - upload will be skipped.
Content of application "Employee-Timesheet-srv" is not changed - upload will be skipped.
Proceeding with automatic retry... (3 of 3 attempts left)
Stopping application "Employee-Timesheet"...
Stopping application "Employee-Timesheet-srv"...
Starting application "Employee-Timesheet"...
Executing task "deploy" on application "Employee-Timesheet-db-deployer"...
Starting application "Employee-Timesheet-srv"...
Application "Employee-Timesheet" started and available at "6dfafd79trial-dev-employee-timesheet.cfapps.us10-001.hana.ondemand.com"
Application "Employee-Timesheet-srv" started and available at "6dfafd79trial-dev-employee-timesheet-srv.cfapps.us10-001.hana.ondemand.com"
Execution of task "deploy" on application "Employee-Timesheet-db-deployer" failed.
Download the application logs via the dmol command and check them for more information.
A step of the process has failed. Retrying it may solve the issue.
Proceeding with automatic retry... (2 of 3 attempts left)
Executing task "deploy" on application "Employee-Timesheet-db-deployer"...
Execution of task "deploy" on application "Employee-Timesheet-db-deployer" failed.
Download the application logs via the dmol command and check them for more information.
A step of the process has failed. Retrying it may solve the issue.
Proceeding with automatic retry... (1 of 3 attempts left)
Executing task "deploy" on application "Employee-Timesheet-db-deployer"...
Execution of task "deploy" on application "Employee-Timesheet-db-deployer" failed.
Download the application logs via the dmol command and check them for more information.
A step of the process has failed. Retrying it may solve the issue.
Process failed.
Use "cf deploy -i 304f8544-4a46-11f1-aac6-eeee0a96ae62 -a abort" to abort the process.
Use "cf deploy -i 304f8544-4a46-11f1-aac6-eeee0a96ae62 -a retry" to retry the process.
Use "cf dmol -i 304f8544-4a46-11f1-aac6-eeee0a96ae62" to download the logs of the process.

