#2026 05 11 11:25:39.618#Z#DEBUG#f9d7d5b7-4d2b-11f1-8c96-eeee0a988d4c.Employee-Timesheet-srv#flowable-async-job-executor-thread-4333#
[PollStageAppStatusExecution] a854bf68-4d13-40ea-9bf4-ff163465295e [2026-05-11T11:16:52.139418] Enqueued job to delete app with guid a854bf68-4d13-40ea-9bf4-ff163465295e (STDOUT, API)#
#2026 05 11 11:25:39.618#Z#DEBUG#f9d7d5b7-4d2b-11f1-8c96-eeee0a988d4c.Employee-Timesheet-srv#flowable-async-job-executor-thread-4333#
[PollStageAppStatusExecution] a854bf68-4d13-40ea-9bf4-ff163465295e [2026-05-11T11:19:48.115838] Updated app with guid a854bf68-4d13-40ea-9bf4-ff163465295e ({"lifecycle"=>{"data"=>{"buildpacks"=>["nodejs_buildpack"]}, "type"=>"buildpack"}}) (STDOUT, API)#
#2026 05 11 11:25:39.618#Z#DEBUG#f9d7d5b7-4d2b-11f1-8c96-eeee0a988d4c.Employee-Timesheet-srv#flowable-async-job-executor-thread-4333#
[PollStageAppStatusExecution] a854bf68-4d13-40ea-9bf4-ff163465295e [2026-05-11T11:19:48.197592] Updating process: "web" (STDOUT, API)#
#2026 05 11 11:25:39.618#Z#DEBUG#f9d7d5b7-4d2b-11f1-8c96-eeee0a988d4c.Employee-Timesheet-srv#flowable-async-job-executor-thread-4333#
[PollStageAppStatusExecution] a854bf68-4d13-40ea-9bf4-ff163465295e [2026-05-11T11:24:40.980505] Updated app with guid a854bf68-4d13-40ea-9bf4-ff163465295e ({"lifecycle"=>{"data"=>{"buildpacks"=>["nodejs_buildpack"]}, "type"=>"buildpack"}}) (STDOUT, API)#
#2026 05 11 11:25:39.618#Z#DEBUG#f9d7d5b7-4d2b-11f1-8c96-eeee0a988d4c.Employee-Timesheet-srv#flowable-async-job-executor-thread-4333#
[PollStageAppStatusExecution] a854bf68-4d13-40ea-9bf4-ff163465295e [2026-05-11T11:24:41.063041] Updating process: "web" (STDOUT, API)#
#2026 05 11 11:25:39.618#Z#DEBUG#f9d7d5b7-4d2b-11f1-8c96-eeee0a988d4c.Employee-Timesheet-srv#flowable-async-job-executor-thread-4333#
[PollStageAppStatusExecution] a854bf68-4d13-40ea-9bf4-ff163465295e [2026-05-11T11:25:19.656127] Uploading app package for app with guid a854bf68-4d13-40ea-9bf4-ff163465295e (STDOUT, API)#
#2026 05 11 11:25:39.618#Z#DEBUG#f9d7d5b7-4d2b-11f1-8c96-eeee0a988d4c.Employee-Timesheet-srv#flowable-async-job-executor-thread-4333#
[PollStageAppStatusExecution] a854bf68-4d13-40ea-9bf4-ff163465295e [2026-05-11T11:25:19.877807] Updated app with guid a854bf68-4d13-40ea-9bf4-ff163465295e ({"environment_variables"=>"[PRIVATE DATA HIDDEN]"}) (STDOUT, API)#
#2026 05 11 11:25:39.618#Z#DEBUG#f9d7d5b7-4d2b-11f1-8c96-eeee0a988d4c.Employee-Timesheet-srv#flowable-async-job-executor-thread-4333#
[PollStageAppStatusExecution] a854bf68-4d13-40ea-9bf4-ff163465295e [2026-05-11T11:25:29.808625] Creating build for app with guid a854bf68-4d13-40ea-9bf4-ff163465295e (STDOUT, API)#
#2026 05 11 11:25:39.618#Z#DEBUG#f9d7d5b7-4d2b-11f1-8c96-eeee0a988d4c.Employee-Timesheet-srv#flowable-async-job-executor-thread-4333#
[PollStageAppStatusExecution] a854bf68-4d13-40ea-9bf4-ff163465295e [2026-05-11T11:25:30.256012] Downloading nodejs_buildpack... (STDOUT, STG)#
#2026 05 11 11:25:39.618#Z#DEBUG#f9d7d5b7-4d2b-11f1-8c96-eeee0a988d4c.Employee-Timesheet-srv#flowable-async-job-executor-thread-4333#
[PollStageAppStatusExecution] a854bf68-4d13-40ea-9bf4-ff163465295e [2026-05-11T11:25:30.298942] Downloaded nodejs_buildpack (STDOUT, STG)#
#2026 05 11 11:25:39.618#Z#DEBUG#f9d7d5b7-4d2b-11f1-8c96-eeee0a988d4c.Employee-Timesheet-srv#flowable-async-job-executor-thread-4333#
[PollStageAppStatusExecution] a854bf68-4d13-40ea-9bf4-ff163465295e [2026-05-11T11:25:30.299042] Cell 77283d80-dfa7-40ba-ba4e-265aef112085 creating container for instance 8647f52f-42ba-41c3-a015-a8166112ae7c (STDOUT, STG)#
#2026 05 11 11:25:39.618#Z#DEBUG#f9d7d5b7-4d2b-11f1-8c96-eeee0a988d4c.Employee-Timesheet-srv#flowable-async-job-executor-thread-4333#
[PollStageAppStatusExecution] a854bf68-4d13-40ea-9bf4-ff163465295e [2026-05-11T11:25:31.394379] Security group rules were updated (STDOUT, STG)#
#2026 05 11 11:25:39.618#Z#DEBUG#f9d7d5b7-4d2b-11f1-8c96-eeee0a988d4c.Employee-Timesheet-srv#flowable-async-job-executor-thread-4333#
[PollStageAppStatusExecution] a854bf68-4d13-40ea-9bf4-ff163465295e [2026-05-11T11:25:31.497807] Cell 77283d80-dfa7-40ba-ba4e-265aef112085 successfully created container for instance 8647f52f-42ba-41c3-a015-a8166112ae7c (STDOUT, STG)#
#2026 05 11 11:25:39.618#Z#DEBUG#f9d7d5b7-4d2b-11f1-8c96-eeee0a988d4c.Employee-Timesheet-srv#flowable-async-job-executor-thread-4333#
[PollStageAppStatusExecution] a854bf68-4d13-40ea-9bf4-ff163465295e [2026-05-11T11:25:32.000168] Downloading build artifacts cache... (STDOUT, STG)#
#2026 05 11 11:25:39.618#Z#DEBUG#f9d7d5b7-4d2b-11f1-8c96-eeee0a988d4c.Employee-Timesheet-srv#flowable-async-job-executor-thread-4333#
[PollStageAppStatusExecution] a854bf68-4d13-40ea-9bf4-ff163465295e [2026-05-11T11:25:32.001103] Downloading app package... (STDOUT, STG)#
#2026 05 11 11:25:39.618#Z#DEBUG#f9d7d5b7-4d2b-11f1-8c96-eeee0a988d4c.Employee-Timesheet-srv#flowable-async-job-executor-thread-4333#
[PollStageAppStatusExecution] a854bf68-4d13-40ea-9bf4-ff163465295e [2026-05-11T11:25:32.107045] Downloaded build artifacts cache (219B) (STDOUT, STG)#
#2026 05 11 11:25:39.618#Z#DEBUG#f9d7d5b7-4d2b-11f1-8c96-eeee0a988d4c.Employee-Timesheet-srv#flowable-async-job-executor-thread-4333#
[PollStageAppStatusExecution] a854bf68-4d13-40ea-9bf4-ff163465295e [2026-05-11T11:25:32.669314] Downloaded app package (3.7M) (STDOUT, STG)#
#2026 05 11 11:25:39.618#Z#DEBUG#f9d7d5b7-4d2b-11f1-8c96-eeee0a988d4c.Employee-Timesheet-srv#flowable-async-job-executor-thread-4333#
[PollStageAppStatusExecution] a854bf68-4d13-40ea-9bf4-ff163465295e [2026-05-11T11:25:32.803363] -----> Nodejs Buildpack version 1.8.44 (STDOUT, STG)#
#2026 05 11 11:25:39.618#Z#DEBUG#f9d7d5b7-4d2b-11f1-8c96-eeee0a988d4c.Employee-Timesheet-srv#flowable-async-job-executor-thread-4333#
[PollStageAppStatusExecution] a854bf68-4d13-40ea-9bf4-ff163465295e [2026-05-11T11:25:33.151976] -----> Bootstrapping python (STDOUT, STG)#
#2026 05 11 11:25:39.618#Z#DEBUG#f9d7d5b7-4d2b-11f1-8c96-eeee0a988d4c.Employee-Timesheet-srv#flowable-async-job-executor-thread-4333#
[PollStageAppStatusExecution] a854bf68-4d13-40ea-9bf4-ff163465295e [2026-05-11T11:25:33.152021] -----> Installing python 3.11.14 (STDOUT, STG)#
#2026 05 11 11:25:39.618#Z#DEBUG#f9d7d5b7-4d2b-11f1-8c96-eeee0a988d4c.Employee-Timesheet-srv#flowable-async-job-executor-thread-4333#
[PollStageAppStatusExecution] a854bf68-4d13-40ea-9bf4-ff163465295e [2026-05-11T11:25:33.152614] Copy [/tmp/buildpacks/978cee5ec9c58000/dependencies/b5e0345ae0ae1932e7d56fffaa49a487/python_3.11.14_linux_x64_cflinuxfs4_66f53248.tgz] (STDOUT, STG)#
#2026 05 11 11:25:39.618#Z#DEBUG#f9d7d5b7-4d2b-11f1-8c96-eeee0a988d4c.Employee-Timesheet-srv#flowable-async-job-executor-thread-4333#
[PollStageAppStatusExecution] a854bf68-4d13-40ea-9bf4-ff163465295e [2026-05-11T11:25:37.590318] -----> Installing binaries (STDOUT, STG)#
#2026 05 11 11:25:39.618#Z#DEBUG#f9d7d5b7-4d2b-11f1-8c96-eeee0a988d4c.Employee-Timesheet-srv#flowable-async-job-executor-thread-4333#
[PollStageAppStatusExecution] a854bf68-4d13-40ea-9bf4-ff163465295e [2026-05-11T11:25:37.590352] engines.node (package.json): ^20.0.0 (STDOUT, STG)#
#2026 05 11 11:25:39.618#Z#DEBUG#f9d7d5b7-4d2b-11f1-8c96-eeee0a988d4c.Employee-Timesheet-srv#flowable-async-job-executor-thread-4333#
[PollStageAppStatusExecution] a854bf68-4d13-40ea-9bf4-ff163465295e [2026-05-11T11:25:37.590357] engines.npm (package.json): unspecified (use default) (STDOUT, STG)#
#2026 05 11 11:25:39.618#Z#DEBUG#f9d7d5b7-4d2b-11f1-8c96-eeee0a988d4c.Employee-Timesheet-srv#flowable-async-job-executor-thread-4333#
[PollStageAppStatusExecution] a854bf68-4d13-40ea-9bf4-ff163465295e [2026-05-11T11:25:37.590361] -----> Installing node 20.20.0 (STDOUT, STG)#
#2026 05 11 11:25:39.618#Z#DEBUG#f9d7d5b7-4d2b-11f1-8c96-eeee0a988d4c.Employee-Timesheet-srv#flowable-async-job-executor-thread-4333#
[PollStageAppStatusExecution] a854bf68-4d13-40ea-9bf4-ff163465295e [2026-05-11T11:25:37.594285] Copy [/tmp/buildpacks/978cee5ec9c58000/dependencies/74a84d4e2bf273f4b10cb96c39282fe2/node_20.20.0_linux_x64_cflinuxfs4_0eeb6a6f.tgz] (STDOUT, STG)#
#2026 05 11 11:25:39.618#Z#DEBUG#f9d7d5b7-4d2b-11f1-8c96-eeee0a988d4c.Employee-Timesheet-srv#flowable-async-job-executor-thread-4333#
[PollStageAppStatusExecution] a854bf68-4d13-40ea-9bf4-ff163465295e [2026-05-11T11:25:37.730271] [31;1m**WARNING**[0m node 20.x.x will no longer be available in new buildpacks released after 2026-04-30. (STDOUT, STG)#
#2026 05 11 11:25:39.618#Z#DEBUG#f9d7d5b7-4d2b-11f1-8c96-eeee0a988d4c.Employee-Timesheet-srv#flowable-async-job-executor-thread-4333#
[PollStageAppStatusExecution] a854bf68-4d13-40ea-9bf4-ff163465295e [2026-05-11T11:25:37.730306] See: https://github.com/nodejs/Release (STDOUT, STG)#
#2026 05 11 11:25:49.724#Z#DEBUG#f9d7d5b7-4d2b-11f1-8c96-eeee0a988d4c.Employee-Timesheet-srv#flowable-async-job-executor-thread-4226#
[PollStageAppStatusExecution] a854bf68-4d13-40ea-9bf4-ff163465295e [2026-05-11T11:25:39.925709] Using default npm version: 10.8.2 (STDOUT, STG)#
#2026 05 11 11:25:49.724#Z#DEBUG#f9d7d5b7-4d2b-11f1-8c96-eeee0a988d4c.Employee-Timesheet-srv#flowable-async-job-executor-thread-4226#
[PollStageAppStatusExecution] a854bf68-4d13-40ea-9bf4-ff163465295e [2026-05-11T11:25:39.925754] -----> Installing yarn 1.22.22 (STDOUT, STG)#
#2026 05 11 11:25:49.724#Z#DEBUG#f9d7d5b7-4d2b-11f1-8c96-eeee0a988d4c.Employee-Timesheet-srv#flowable-async-job-executor-thread-4226#
[PollStageAppStatusExecution] a854bf68-4d13-40ea-9bf4-ff163465295e [2026-05-11T11:25:39.926085] Copy [/tmp/buildpacks/978cee5ec9c58000/dependencies/e3a39aedd1236924d69cc2d0637a8ed2/yarn_1.22.22_linux_noarch_any-stack_4911d0a6.tgz] (STDOUT, STG)#
#2026 05 11 11:25:49.724#Z#DEBUG#f9d7d5b7-4d2b-11f1-8c96-eeee0a988d4c.Employee-Timesheet-srv#flowable-async-job-executor-thread-4226#
[PollStageAppStatusExecution] a854bf68-4d13-40ea-9bf4-ff163465295e [2026-05-11T11:25:40.291728] Installed yarn 1.22.22 (STDOUT, STG)#
#2026 05 11 11:25:49.724#Z#DEBUG#f9d7d5b7-4d2b-11f1-8c96-eeee0a988d4c.Employee-Timesheet-srv#flowable-async-job-executor-thread-4226#
[PollStageAppStatusExecution] a854bf68-4d13-40ea-9bf4-ff163465295e [2026-05-11T11:25:40.291768] -----> Creating runtime environment (STDOUT, STG)#
#2026 05 11 11:25:49.724#Z#DEBUG#f9d7d5b7-4d2b-11f1-8c96-eeee0a988d4c.Employee-Timesheet-srv#flowable-async-job-executor-thread-4226#
[PollStageAppStatusExecution] a854bf68-4d13-40ea-9bf4-ff163465295e [2026-05-11T11:25:40.293979] NODE_ENV=production (STDOUT, STG)#
#2026 05 11 11:25:49.724#Z#DEBUG#f9d7d5b7-4d2b-11f1-8c96-eeee0a988d4c.Employee-Timesheet-srv#flowable-async-job-executor-thread-4226#
[PollStageAppStatusExecution] a854bf68-4d13-40ea-9bf4-ff163465295e [2026-05-11T11:25:40.294018] NODE_HOME=/tmp/contents2496118163/deps/0/node (STDOUT, STG)#
#2026 05 11 11:25:49.724#Z#DEBUG#f9d7d5b7-4d2b-11f1-8c96-eeee0a988d4c.Employee-Timesheet-srv#flowable-async-job-executor-thread-4226#
[PollStageAppStatusExecution] a854bf68-4d13-40ea-9bf4-ff163465295e [2026-05-11T11:25:40.294023] NODE_MODULES_CACHE=true (STDOUT, STG)#
#2026 05 11 11:25:49.724#Z#DEBUG#f9d7d5b7-4d2b-11f1-8c96-eeee0a988d4c.Employee-Timesheet-srv#flowable-async-job-executor-thread-4226#
[PollStageAppStatusExecution] a854bf68-4d13-40ea-9bf4-ff163465295e [2026-05-11T11:25:40.294026] NODE_VERBOSE=false (STDOUT, STG)#
#2026 05 11 11:25:49.724#Z#DEBUG#f9d7d5b7-4d2b-11f1-8c96-eeee0a988d4c.Employee-Timesheet-srv#flowable-async-job-executor-thread-4226#
[PollStageAppStatusExecution] a854bf68-4d13-40ea-9bf4-ff163465295e [2026-05-11T11:25:40.294088] NPM_CONFIG_LOGLEVEL=error (STDOUT, STG)#
#2026 05 11 11:25:49.724#Z#DEBUG#f9d7d5b7-4d2b-11f1-8c96-eeee0a988d4c.Employee-Timesheet-srv#flowable-async-job-executor-thread-4226#
[PollStageAppStatusExecution] a854bf68-4d13-40ea-9bf4-ff163465295e [2026-05-11T11:25:40.294188] NPM_CONFIG_PRODUCTION=true (STDOUT, STG)#
#2026 05 11 11:25:49.724#Z#DEBUG#f9d7d5b7-4d2b-11f1-8c96-eeee0a988d4c.Employee-Timesheet-srv#flowable-async-job-executor-thread-4226#
[PollStageAppStatusExecution] a854bf68-4d13-40ea-9bf4-ff163465295e [2026-05-11T11:25:40.294345] -----> Building dependencies (STDOUT, STG)#
#2026 05 11 11:25:49.724#Z#DEBUG#f9d7d5b7-4d2b-11f1-8c96-eeee0a988d4c.Employee-Timesheet-srv#flowable-async-job-executor-thread-4226#
[PollStageAppStatusExecution] a854bf68-4d13-40ea-9bf4-ff163465295e [2026-05-11T11:25:40.294357] Prebuild detected (node_modules already exists) (STDOUT, STG)#
#2026 05 11 11:25:49.724#Z#DEBUG#f9d7d5b7-4d2b-11f1-8c96-eeee0a988d4c.Employee-Timesheet-srv#flowable-async-job-executor-thread-4226#
[PollStageAppStatusExecution] a854bf68-4d13-40ea-9bf4-ff163465295e [2026-05-11T11:25:40.294478] Rebuilding any native modules (STDOUT, STG)#
#2026 05 11 11:25:49.724#Z#DEBUG#f9d7d5b7-4d2b-11f1-8c96-eeee0a988d4c.Employee-Timesheet-srv#flowable-async-job-executor-thread-4226#
[PollStageAppStatusExecution] a854bf68-4d13-40ea-9bf4-ff163465295e [2026-05-11T11:25:41.070797] rebuilt dependencies successfully (STDOUT, STG)#
#2026 05 11 11:25:49.724#Z#DEBUG#f9d7d5b7-4d2b-11f1-8c96-eeee0a988d4c.Employee-Timesheet-srv#flowable-async-job-executor-thread-4226#
[PollStageAppStatusExecution] a854bf68-4d13-40ea-9bf4-ff163465295e [2026-05-11T11:25:41.070841] npm notice (STDOUT, STG)#
#2026 05 11 11:25:49.724#Z#DEBUG#f9d7d5b7-4d2b-11f1-8c96-eeee0a988d4c.Employee-Timesheet-srv#flowable-async-job-executor-thread-4226#
[PollStageAppStatusExecution] a854bf68-4d13-40ea-9bf4-ff163465295e [2026-05-11T11:25:41.070850] npm notice New major version of npm available! 10.8.2 -> 11.14.1 (STDOUT, STG)#
#2026 05 11 11:25:49.724#Z#DEBUG#f9d7d5b7-4d2b-11f1-8c96-eeee0a988d4c.Employee-Timesheet-srv#flowable-async-job-executor-thread-4226#
[PollStageAppStatusExecution] a854bf68-4d13-40ea-9bf4-ff163465295e [2026-05-11T11:25:41.070853] npm notice Changelog: https://github.com/npm/cli/releases/tag/v11.14.1 (STDOUT, STG)#
#2026 05 11 11:25:49.724#Z#DEBUG#f9d7d5b7-4d2b-11f1-8c96-eeee0a988d4c.Employee-Timesheet-srv#flowable-async-job-executor-thread-4226#
[PollStageAppStatusExecution] a854bf68-4d13-40ea-9bf4-ff163465295e [2026-05-11T11:25:41.070857] npm notice To update run: npm install -g npm@11.14.1 (STDOUT, STG)#
#2026 05 11 11:25:49.724#Z#DEBUG#f9d7d5b7-4d2b-11f1-8c96-eeee0a988d4c.Employee-Timesheet-srv#flowable-async-job-executor-thread-4226#
[PollStageAppStatusExecution] a854bf68-4d13-40ea-9bf4-ff163465295e [2026-05-11T11:25:41.070859] npm notice (STDOUT, STG)#
#2026 05 11 11:25:49.724#Z#DEBUG#f9d7d5b7-4d2b-11f1-8c96-eeee0a988d4c.Employee-Timesheet-srv#flowable-async-job-executor-thread-4226#
[PollStageAppStatusExecution] a854bf68-4d13-40ea-9bf4-ff163465295e [2026-05-11T11:25:41.084197] Installing any new modules (package.json + package-lock.json) (STDOUT, STG)#
#2026 05 11 11:25:49.724#Z#DEBUG#f9d7d5b7-4d2b-11f1-8c96-eeee0a988d4c.Employee-Timesheet-srv#flowable-async-job-executor-thread-4226#
[PollStageAppStatusExecution] a854bf68-4d13-40ea-9bf4-ff163465295e [2026-05-11T11:25:41.927246] up to date in 759ms (STDOUT, STG)#
#2026 05 11 11:25:49.724#Z#DEBUG#f9d7d5b7-4d2b-11f1-8c96-eeee0a988d4c.Employee-Timesheet-srv#flowable-async-job-executor-thread-4226#
[PollStageAppStatusExecution] a854bf68-4d13-40ea-9bf4-ff163465295e [2026-05-11T11:25:41.927599] 25 packages are looking for funding (STDOUT, STG)#
#2026 05 11 11:25:49.724#Z#DEBUG#f9d7d5b7-4d2b-11f1-8c96-eeee0a988d4c.Employee-Timesheet-srv#flowable-async-job-executor-thread-4226#
[PollStageAppStatusExecution] a854bf68-4d13-40ea-9bf4-ff163465295e [2026-05-11T11:25:41.927666] run `npm fund` for details (STDOUT, STG)#
#2026 05 11 11:25:49.724#Z#DEBUG#f9d7d5b7-4d2b-11f1-8c96-eeee0a988d4c.Employee-Timesheet-srv#flowable-async-job-executor-thread-4226#
[PollStageAppStatusExecution] a854bf68-4d13-40ea-9bf4-ff163465295e [2026-05-11T11:25:42.823656] Contrast Security no credentials found. Will not write environment files. (STDOUT, STG)#
#2026 05 11 11:25:59.875#Z#DEBUG#f9d7d5b7-4d2b-11f1-8c96-eeee0a988d4c.Employee-Timesheet-srv#flowable-async-job-executor-thread-4353#
[PollStageAppStatusExecution] a854bf68-4d13-40ea-9bf4-ff163465295e [2026-05-11T11:25:51.116385] Exit status 0 (STDOUT, STG)#
#2026 05 11 11:25:59.875#Z#DEBUG#f9d7d5b7-4d2b-11f1-8c96-eeee0a988d4c.Employee-Timesheet-srv#flowable-async-job-executor-thread-4353#
[PollStageAppStatusExecution] a854bf68-4d13-40ea-9bf4-ff163465295e [2026-05-11T11:25:51.116476] Uploading droplet, build artifacts cache... (STDOUT, STG)#
#2026 05 11 11:25:59.875#Z#DEBUG#f9d7d5b7-4d2b-11f1-8c96-eeee0a988d4c.Employee-Timesheet-srv#flowable-async-job-executor-thread-4353#
[PollStageAppStatusExecution] a854bf68-4d13-40ea-9bf4-ff163465295e [2026-05-11T11:25:51.116548] Uploading droplet... (STDOUT, STG)#
#2026 05 11 11:25:59.875#Z#DEBUG#f9d7d5b7-4d2b-11f1-8c96-eeee0a988d4c.Employee-Timesheet-srv#flowable-async-job-executor-thread-4353#
[PollStageAppStatusExecution] a854bf68-4d13-40ea-9bf4-ff163465295e [2026-05-11T11:25:51.116615] Uploading build artifacts cache... (STDOUT, STG)#
#2026 05 11 11:25:59.875#Z#DEBUG#f9d7d5b7-4d2b-11f1-8c96-eeee0a988d4c.Employee-Timesheet-srv#flowable-async-job-executor-thread-4353#
[PollStageAppStatusExecution] a854bf68-4d13-40ea-9bf4-ff163465295e [2026-05-11T11:25:51.152950] Uploaded build artifacts cache (225B) (STDOUT, STG)#
#2026 05 11 11:25:59.875#Z#DEBUG#f9d7d5b7-4d2b-11f1-8c96-eeee0a988d4c.Employee-Timesheet-srv#flowable-async-job-executor-thread-4353#
[PollStageAppStatusExecution] a854bf68-4d13-40ea-9bf4-ff163465295e [2026-05-11T11:25:51.683542] Creating droplet for app with guid a854bf68-4d13-40ea-9bf4-ff163465295e (STDOUT, API)#
#2026 05 11 11:25:59.875#Z#DEBUG#f9d7d5b7-4d2b-11f1-8c96-eeee0a988d4c.Employee-Timesheet-srv#flowable-async-job-executor-thread-4353#
[PollStageAppStatusExecution] a854bf68-4d13-40ea-9bf4-ff163465295e [2026-05-11T11:25:56.743426] Uploaded droplet (50.2M) (STDOUT, STG)#
#2026 05 11 11:25:59.875#Z#DEBUG#f9d7d5b7-4d2b-11f1-8c96-eeee0a988d4c.Employee-Timesheet-srv#flowable-async-job-executor-thread-4353#
[PollStageAppStatusExecution] a854bf68-4d13-40ea-9bf4-ff163465295e [2026-05-11T11:25:56.763106] Uploading complete (STDOUT, STG)#
#2026 05 11 11:25:59.875#Z#DEBUG#f9d7d5b7-4d2b-11f1-8c96-eeee0a988d4c.Employee-Timesheet-srv#flowable-async-job-executor-thread-4353#
[PollStageAppStatusExecution] a854bf68-4d13-40ea-9bf4-ff163465295e [2026-05-11T11:25:57.302498] Cell 77283d80-dfa7-40ba-ba4e-265aef112085 stopping instance 8647f52f-42ba-41c3-a015-a8166112ae7c (STDOUT, STG)#
#2026 05 11 11:25:59.875#Z#DEBUG#f9d7d5b7-4d2b-11f1-8c96-eeee0a988d4c.Employee-Timesheet-srv#flowable-async-job-executor-thread-4353#
[PollStageAppStatusExecution] a854bf68-4d13-40ea-9bf4-ff163465295e [2026-05-11T11:25:57.302531] Cell 77283d80-dfa7-40ba-ba4e-265aef112085 destroying container for instance 8647f52f-42ba-41c3-a015-a8166112ae7c (STDOUT, STG)#
#2026 05 11 11:25:59.875#Z#DEBUG#f9d7d5b7-4d2b-11f1-8c96-eeee0a988d4c.Employee-Timesheet-srv#flowable-async-job-executor-thread-4353#
[PollStageAppStatusExecution] a854bf68-4d13-40ea-9bf4-ff163465295e [2026-05-11T11:25:57.353579] Staging complete for build 8647f52f-42ba-41c3-a015-a8166112ae7c (STDOUT, API)#
#2026 05 11 11:26:09.982#Z#DEBUG#f9d7d5b7-4d2b-11f1-8c96-eeee0a988d4c.Employee-Timesheet-srv#flowable-async-job-executor-thread-4349#
[PollStartAppStatusExecution] a854bf68-4d13-40ea-9bf4-ff163465295e [2026-05-11T11:25:59.938091] Updated app with guid a854bf68-4d13-40ea-9bf4-ff163465295e ({:droplet_guid=>"f89fa889-9db2-4782-b448-00d6dfcc3fe7"}) (STDOUT, API)#
#2026 05 11 11:26:09.982#Z#DEBUG#f9d7d5b7-4d2b-11f1-8c96-eeee0a988d4c.Employee-Timesheet-srv#flowable-async-job-executor-thread-4349#
[PollStartAppStatusExecution] a854bf68-4d13-40ea-9bf4-ff163465295e [2026-05-11T11:26:00.147601] Creating revision for app with guid a854bf68-4d13-40ea-9bf4-ff163465295e (STDOUT, API)#
#2026 05 11 11:26:09.982#Z#DEBUG#f9d7d5b7-4d2b-11f1-8c96-eeee0a988d4c.Employee-Timesheet-srv#flowable-async-job-executor-thread-4349#
[PollStartAppStatusExecution] a854bf68-4d13-40ea-9bf4-ff163465295e [2026-05-11T11:26:00.187511] Starting app with guid a854bf68-4d13-40ea-9bf4-ff163465295e (STDOUT, API)#
#2026 05 11 11:26:09.982#Z#DEBUG#f9d7d5b7-4d2b-11f1-8c96-eeee0a988d4c.Employee-Timesheet-srv#flowable-async-job-executor-thread-4349#
[PollStartAppStatusExecution] a854bf68-4d13-40ea-9bf4-ff163465295e [2026-05-11T11:26:00.559052] Cell 684caff8-89cd-492b-be01-b3d0835f1763 creating container for instance 9abd12ca-d96c-423d-6de4-afc0 (STDOUT, CELL)#
#2026 05 11 11:26:09.982#Z#DEBUG#f9d7d5b7-4d2b-11f1-8c96-eeee0a988d4c.Employee-Timesheet-srv#flowable-async-job-executor-thread-4349#
[PollStartAppStatusExecution] a854bf68-4d13-40ea-9bf4-ff163465295e [2026-05-11T11:26:00.654116] Cell 77283d80-dfa7-40ba-ba4e-265aef112085 successfully destroyed container for instance 8647f52f-42ba-41c3-a015-a8166112ae7c (STDOUT, STG)#
#2026 05 11 11:26:09.982#Z#DEBUG#f9d7d5b7-4d2b-11f1-8c96-eeee0a988d4c.Employee-Timesheet-srv#flowable-async-job-executor-thread-4349#
[PollStartAppStatusExecution] a854bf68-4d13-40ea-9bf4-ff163465295e [2026-05-11T11:26:01.430487] Security group rules were updated (STDOUT, CELL)#
#2026 05 11 11:26:09.982#Z#DEBUG#f9d7d5b7-4d2b-11f1-8c96-eeee0a988d4c.Employee-Timesheet-srv#flowable-async-job-executor-thread-4349#
[PollStartAppStatusExecution] a854bf68-4d13-40ea-9bf4-ff163465295e [2026-05-11T11:26:01.553422] Cell 684caff8-89cd-492b-be01-b3d0835f1763 successfully created container for instance 9abd12ca-d96c-423d-6de4-afc0 (STDOUT, CELL)#
#2026 05 11 11:26:09.982#Z#DEBUG#f9d7d5b7-4d2b-11f1-8c96-eeee0a988d4c.Employee-Timesheet-srv#flowable-async-job-executor-thread-4349#
[PollStartAppStatusExecution] a854bf68-4d13-40ea-9bf4-ff163465295e [2026-05-11T11:26:02.678409] Downloading droplet... (STDOUT, CELL)#
#2026 05 11 11:26:09.982#Z#DEBUG#f9d7d5b7-4d2b-11f1-8c96-eeee0a988d4c.Employee-Timesheet-srv#flowable-async-job-executor-thread-4349#
[PollStartAppStatusExecution] a854bf68-4d13-40ea-9bf4-ff163465295e [2026-05-11T11:26:06.517128] Downloaded droplet (50.2M) (STDOUT, CELL)#
#2026 05 11 11:26:09.982#Z#DEBUG#f9d7d5b7-4d2b-11f1-8c96-eeee0a988d4c.Employee-Timesheet-srv#flowable-async-job-executor-thread-4349#
[PollStartAppStatusExecution] a854bf68-4d13-40ea-9bf4-ff163465295e [2026-05-11T11:26:06.517392] Starting health monitoring of container (STDOUT, CELL)#
#2026 05 11 11:26:09.982#Z#DEBUG#f9d7d5b7-4d2b-11f1-8c96-eeee0a988d4c.Employee-Timesheet-srv#flowable-async-job-executor-thread-4349#
[PollStartAppStatusExecution] a854bf68-4d13-40ea-9bf4-ff163465295e [2026-05-11T11:26:06.675094] Invoking pre-start scripts. (STDOUT, APP/PROC/WEB)#
#2026 05 11 11:26:09.982#Z#DEBUG#f9d7d5b7-4d2b-11f1-8c96-eeee0a988d4c.Employee-Timesheet-srv#flowable-async-job-executor-thread-4349#
[PollStartAppStatusExecution] a854bf68-4d13-40ea-9bf4-ff163465295e [2026-05-11T11:26:06.931745] Invoking start command. (STDOUT, APP/PROC/WEB)#
#2026 05 11 11:26:09.982#Z#DEBUG#f9d7d5b7-4d2b-11f1-8c96-eeee0a988d4c.Employee-Timesheet-srv#flowable-async-job-executor-thread-4349#
[PollStartAppStatusExecution] a854bf68-4d13-40ea-9bf4-ff163465295e [2026-05-11T11:26:07.427885] > Timesheet@1.0.0 start (STDOUT, APP/PROC/WEB)#
#2026 05 11 11:26:09.982#Z#DEBUG#f9d7d5b7-4d2b-11f1-8c96-eeee0a988d4c.Employee-Timesheet-srv#flowable-async-job-executor-thread-4349#
[PollStartAppStatusExecution] a854bf68-4d13-40ea-9bf4-ff163465295e [2026-05-11T11:26:07.427921] > cds-serve (STDOUT, APP/PROC/WEB)#
#2026 05 11 11:26:09.982#Z#DEBUG#f9d7d5b7-4d2b-11f1-8c96-eeee0a988d4c.Employee-Timesheet-srv#flowable-async-job-executor-thread-4349#
[PollStartAppStatusExecution] a854bf68-4d13-40ea-9bf4-ff163465295e [2026-05-11T11:26:07.894655] {"level":"info","logger":"cds","timestamp":"2026-05-11T11:26:07.889Z","layer":"cds","component_type":"application","container_id":"10.32.1.6","component_id":"a854bf68-4d13-40ea-9bf4-ff163465295e","component_name":"Employee-Timesheet-srv","component_instance":0,"source_instance":0,"organization_name":"11b3e82btrial","organization_id":"b18f821c-107f-4f42-b4de-452c3422daa4","space_name":"dev","space_id":"8f4f38ba-92b7-466b-9b82-2501b3939687","msg":"loaded model from 1 file(s):\n ","type":"log"} (STDOUT, APP/PROC/WEB)#
#2026 05 11 11:26:09.982#Z#DEBUG#f9d7d5b7-4d2b-11f1-8c96-eeee0a988d4c.Employee-Timesheet-srv#flowable-async-job-executor-thread-4349#
[PollStartAppStatusExecution] a854bf68-4d13-40ea-9bf4-ff163465295e [2026-05-11T11:26:07.895155] srv/csn.json (STDOUT, APP/PROC/WEB)#
#2026 05 11 11:26:09.982#Z#DEBUG#f9d7d5b7-4d2b-11f1-8c96-eeee0a988d4c.Employee-Timesheet-srv#flowable-async-job-executor-thread-4349#
[PollStartAppStatusExecution] a854bf68-4d13-40ea-9bf4-ff163465295e [2026-05-11T11:26:08.304696] {"level":"info","logger":"cds","timestamp":"2026-05-11T11:26:08.302Z","layer":"cds","component_type":"application","container_id":"10.32.1.6","component_id":"a854bf68-4d13-40ea-9bf4-ff163465295e","component_name":"Employee-Timesheet-srv","component_instance":0,"source_instance":0,"organization_name":"11b3e82btrial","organization_id":"b18f821c-107f-4f42-b4de-452c3422daa4","space_name":"dev","space_id":"8f4f38ba-92b7-466b-9b82-2501b3939687","msg":"connect to db > hana {\n  database_id: '568e692a-a180-4cb5-b7f4-50434f8c12f7',\n  host: '568e692a-a180-4cb5-b7f4-50434f8c12f7.hna1.prod-us10.hanacloud.ondemand.com',\n  port: '443',\n  driver: 'com.sap.db.jdbc.Driver',\n  url: 'jdbc:sap://568e692a-a180-4cb5-b7f4-50434f8c12f7.hna1.prod-us10.hanacloud.ondemand.com:443?encrypt=true&validateCertificate=true&currentschema=C306093866484E10A5EECE23F5C1928C',\n  schema: 'C306093866484E10A5EECE23F5C1928C',\n  certificate: '...',\n  hdi_user: 'C306093866484E10A5EECE23F5C1928C_7WO340HBKHXQISFJYNJEQI4CR_DT',\n  hdi_password: '...',\n  user: 'C306093866484E10A5EECE23F5C1928C_7WO340HBKHXQISFJYNJEQI4CR_RT',\n  password: '...'\n}","type":"log"} (STDOUT, APP/PROC/WEB)#
#2026 05 11 11:26:09.982#Z#DEBUG#f9d7d5b7-4d2b-11f1-8c96-eeee0a988d4c.Employee-Timesheet-srv#flowable-async-job-executor-thread-4349#
[PollStartAppStatusExecution] a854bf68-4d13-40ea-9bf4-ff163465295e [2026-05-11T11:26:08.385638] {"level":"info","logger":"cds","timestamp":"2026-05-11T11:26:08.384Z","layer":"cds","component_type":"application","container_id":"10.32.1.6","component_id":"a854bf68-4d13-40ea-9bf4-ff163465295e","component_name":"Employee-Timesheet-srv","component_instance":0,"source_instance":0,"organization_name":"11b3e82btrial","organization_id":"b18f821c-107f-4f42-b4de-452c3422daa4","space_name":"dev","space_id":"8f4f38ba-92b7-466b-9b82-2501b3939687","msg":"using auth strategy { kind: 'xsuaa' }","type":"log"} (STDOUT, APP/PROC/WEB)#
#2026 05 11 11:26:09.982#Z#DEBUG#f9d7d5b7-4d2b-11f1-8c96-eeee0a988d4c.Employee-Timesheet-srv#flowable-async-job-executor-thread-4349#
[PollStartAppStatusExecution] a854bf68-4d13-40ea-9bf4-ff163465295e [2026-05-11T11:26:08.450860] {"level":"info","logger":"cds","timestamp":"2026-05-11T11:26:08.450Z","layer":"cds","component_type":"application","container_id":"10.32.1.6","component_id":"a854bf68-4d13-40ea-9bf4-ff163465295e","component_name":"Employee-Timesheet-srv","component_instance":0,"source_instance":0,"organization_name":"11b3e82btrial","organization_id":"b18f821c-107f-4f42-b4de-452c3422daa4","space_name":"dev","space_id":"8f4f38ba-92b7-466b-9b82-2501b3939687","msg":"serving EmployeeService {\n  at: [ '/employee' ],\n  decl: 'srv/csn.json:799',\n  impl: 'srv/timesheet-service.js'\n}","type":"log"} (STDOUT, APP/PROC/WEB)#
#2026 05 11 11:26:09.982#Z#DEBUG#f9d7d5b7-4d2b-11f1-8c96-eeee0a988d4c.Employee-Timesheet-srv#flowable-async-job-executor-thread-4349#
[PollStartAppStatusExecution] a854bf68-4d13-40ea-9bf4-ff163465295e [2026-05-11T11:26:08.452332] {"level":"info","logger":"cds","timestamp":"2026-05-11T11:26:08.451Z","layer":"cds","component_type":"application","container_id":"10.32.1.6","component_id":"a854bf68-4d13-40ea-9bf4-ff163465295e","component_name":"Employee-Timesheet-srv","component_instance":0,"source_instance":0,"organization_name":"11b3e82btrial","organization_id":"b18f821c-107f-4f42-b4de-452c3422daa4","space_name":"dev","space_id":"8f4f38ba-92b7-466b-9b82-2501b3939687","msg":"serving ManagerService {\n  at: [ '/manager' ],\n  decl: 'srv/csn.json:1795',\n  impl: 'srv/timesheet-service.js'\n}","type":"log"} (STDOUT, APP/PROC/WEB)#
#2026 05 11 11:26:09.982#Z#DEBUG#f9d7d5b7-4d2b-11f1-8c96-eeee0a988d4c.Employee-Timesheet-srv#flowable-async-job-executor-thread-4349#
[PollStartAppStatusExecution] a854bf68-4d13-40ea-9bf4-ff163465295e [2026-05-11T11:26:08.453276] {"level":"info","logger":"cds","timestamp":"2026-05-11T11:26:08.453Z","layer":"cds","component_type":"application","container_id":"10.32.1.6","component_id":"a854bf68-4d13-40ea-9bf4-ff163465295e","component_name":"Employee-Timesheet-srv","component_instance":0,"source_instance":0,"organization_name":"11b3e82btrial","organization_id":"b18f821c-107f-4f42-b4de-452c3422daa4","space_name":"dev","space_id":"8f4f38ba-92b7-466b-9b82-2501b3939687","msg":"serving HRService {\n  at: [ '/hr' ],\n  decl: 'srv/csn.json:2625',\n  impl: 'srv/timesheet-service.js'\n}","type":"log"} (STDOUT, APP/PROC/WEB)#
#2026 05 11 11:26:09.982#Z#DEBUG#f9d7d5b7-4d2b-11f1-8c96-eeee0a988d4c.Employee-Timesheet-srv#flowable-async-job-executor-thread-4349#
[PollStartAppStatusExecution] a854bf68-4d13-40ea-9bf4-ff163465295e [2026-05-11T11:26:08.463597] {"level":"info","logger":"cds","timestamp":"2026-05-11T11:26:08.462Z","layer":"cds","component_type":"application","container_id":"10.32.1.6","component_id":"a854bf68-4d13-40ea-9bf4-ff163465295e","component_name":"Employee-Timesheet-srv","component_instance":0,"source_instance":0,"organization_name":"11b3e82btrial","organization_id":"b18f821c-107f-4f42-b4de-452c3422daa4","space_name":"dev","space_id":"8f4f38ba-92b7-466b-9b82-2501b3939687","msg":"server listening on { url: 'http://localhost:8080' }","type":"log"} (STDOUT, APP/PROC/WEB)#
#2026 05 11 11:26:09.982#Z#DEBUG#f9d7d5b7-4d2b-11f1-8c96-eeee0a988d4c.Employee-Timesheet-srv#flowable-async-job-executor-thread-4349#
[PollStartAppStatusExecution] a854bf68-4d13-40ea-9bf4-ff163465295e [2026-05-11T11:26:08.466271] {"level":"info","logger":"cds","timestamp":"2026-05-11T11:26:08.465Z","layer":"cds","component_type":"application","container_id":"10.32.1.6","component_id":"a854bf68-4d13-40ea-9bf4-ff163465295e","component_name":"Employee-Timesheet-srv","component_instance":0,"source_instance":0,"organization_name":"11b3e82btrial","organization_id":"b18f821c-107f-4f42-b4de-452c3422daa4","space_name":"dev","space_id":"8f4f38ba-92b7-466b-9b82-2501b3939687","msg":"server v9.9.0 launched in 1025 ms","type":"log"} (STDOUT, APP/PROC/WEB)#
#2026 05 11 11:26:09.982#Z#DEBUG#f9d7d5b7-4d2b-11f1-8c96-eeee0a988d4c.Employee-Timesheet-srv#flowable-async-job-executor-thread-4349#
[PollStartAppStatusExecution] a854bf68-4d13-40ea-9bf4-ff163465295e [2026-05-11T11:26:09.088121] Container became healthy (STDOUT, CELL)#
#2026 05 11 11:26:09.982#Z#DEBUG#f9d7d5b7-4d2b-11f1-8c96-eeee0a988d4c.Employee-Timesheet-srv#flowable-async-job-executor-thread-4349#
[PollStartAppStatusExecution] a854bf68-4d13-40ea-9bf4-ff163465295e [2026-05-11T11:26:09.116478] Process became ready with guid a854bf68-4d13-40ea-9bf4-ff163465295e payload: {"instance"=>"9abd12ca-d96c-423d-6de4-afc0", "index"=>0, "cell_id"=>"684caff8-89cd-492b-be01-b3d0835f1763", "ready"=>true, "version"=>"c24dd468-cf3f-40d2-b9e9-dc10ab2afc8e"} (STDOUT, API)#
