#2026 05 05 11:31:11.092#Z#DEBUG#c7370093-4875-11f1-975e-eeee0a9f35b1.Employee-Timesheet-srv#flowable-async-job-executor-thread-38497#
[PollStageAppStatusExecution] ae8114fa-4289-4e3b-bdc3-90a27204a982 [2026-05-05T11:15:03.595819] Downloading droplet... (STDOUT, CELL)#
#2026 05 05 11:31:11.092#Z#DEBUG#c7370093-4875-11f1-975e-eeee0a9f35b1.Employee-Timesheet-srv#flowable-async-job-executor-thread-38497#
[PollStageAppStatusExecution] ae8114fa-4289-4e3b-bdc3-90a27204a982 [2026-05-05T11:15:07.573206] Downloaded droplet (59.1M) (STDOUT, CELL)#
#2026 05 05 11:31:11.092#Z#DEBUG#c7370093-4875-11f1-975e-eeee0a9f35b1.Employee-Timesheet-srv#flowable-async-job-executor-thread-38497#
[PollStageAppStatusExecution] ae8114fa-4289-4e3b-bdc3-90a27204a982 [2026-05-05T11:15:07.573376] Starting health monitoring of container (STDOUT, CELL)#
#2026 05 05 11:31:11.092#Z#DEBUG#c7370093-4875-11f1-975e-eeee0a9f35b1.Employee-Timesheet-srv#flowable-async-job-executor-thread-38497#
[PollStageAppStatusExecution] ae8114fa-4289-4e3b-bdc3-90a27204a982 [2026-05-05T11:15:07.709972] Invoking pre-start scripts. (STDOUT, APP/PROC/WEB)#
#2026 05 05 11:31:11.092#Z#DEBUG#c7370093-4875-11f1-975e-eeee0a9f35b1.Employee-Timesheet-srv#flowable-async-job-executor-thread-38497#
[PollStageAppStatusExecution] ae8114fa-4289-4e3b-bdc3-90a27204a982 [2026-05-05T11:15:07.942658] Invoking start command. (STDOUT, APP/PROC/WEB)#
#2026 05 05 11:31:11.092#Z#DEBUG#c7370093-4875-11f1-975e-eeee0a9f35b1.Employee-Timesheet-srv#flowable-async-job-executor-thread-38497#
[PollStageAppStatusExecution] ae8114fa-4289-4e3b-bdc3-90a27204a982 [2026-05-05T11:15:08.449104] > Timesheet@1.0.0 start (STDOUT, APP/PROC/WEB)#
#2026 05 05 11:31:11.092#Z#DEBUG#c7370093-4875-11f1-975e-eeee0a9f35b1.Employee-Timesheet-srv#flowable-async-job-executor-thread-38497#
[PollStageAppStatusExecution] ae8114fa-4289-4e3b-bdc3-90a27204a982 [2026-05-05T11:15:08.449147] > cds-serve (STDOUT, APP/PROC/WEB)#
#2026 05 05 11:31:11.092#Z#DEBUG#c7370093-4875-11f1-975e-eeee0a9f35b1.Employee-Timesheet-srv#flowable-async-job-executor-thread-38497#
[PollStageAppStatusExecution] ae8114fa-4289-4e3b-bdc3-90a27204a982 [2026-05-05T11:15:08.769596] {"level":"info","logger":"cds","timestamp":"2026-05-05T11:15:08.768Z","layer":"cds","component_type":"application","container_id":"10.32.1.6","component_id":"ae8114fa-4289-4e3b-bdc3-90a27204a982","component_name":"Employee-Timesheet-srv","component_instance":0,"source_instance":0,"organization_name":"6dfafd79trial","organization_id":"dce7e53b-ca34-4455-bfae-163dbed7ca85","space_name":"dev","space_id":"6ccb6ca8-996b-4a17-97ca-1417bb2b911f","msg":"loaded model from 1 file(s):\n ","type":"log"} (STDOUT, APP/PROC/WEB)#
#2026 05 05 11:31:11.092#Z#DEBUG#c7370093-4875-11f1-975e-eeee0a9f35b1.Employee-Timesheet-srv#flowable-async-job-executor-thread-38497#
[PollStageAppStatusExecution] ae8114fa-4289-4e3b-bdc3-90a27204a982 [2026-05-05T11:15:08.770054] srv/csn.json (STDOUT, APP/PROC/WEB)#
#2026 05 05 11:31:11.092#Z#DEBUG#c7370093-4875-11f1-975e-eeee0a9f35b1.Employee-Timesheet-srv#flowable-async-job-executor-thread-38497#
[PollStageAppStatusExecution] ae8114fa-4289-4e3b-bdc3-90a27204a982 [2026-05-05T11:15:09.025338] {"level":"info","logger":"cds","timestamp":"2026-05-05T11:15:09.024Z","layer":"cds","component_type":"application","container_id":"10.32.1.6","component_id":"ae8114fa-4289-4e3b-bdc3-90a27204a982","component_name":"Employee-Timesheet-srv","component_instance":0,"source_instance":0,"organization_name":"6dfafd79trial","organization_id":"dce7e53b-ca34-4455-bfae-163dbed7ca85","space_name":"dev","space_id":"6ccb6ca8-996b-4a17-97ca-1417bb2b911f","msg":"connect to db > hana {\n  database_id: '3435a03d-0696-426f-8d4a-6ca8755009b2',\n  host: '3435a03d-0696-426f-8d4a-6ca8755009b2.hna1.prod-us10.hanacloud.ondemand.com',\n  port: '443',\n  driver: 'com.sap.db.jdbc.Driver',\n  url: 'jdbc:sap://3435a03d-0696-426f-8d4a-6ca8755009b2.hna1.prod-us10.hanacloud.ondemand.com:443?encrypt=true&validateCertificate=true&currentschema=A1DC63DC3BEC46B0828429A2EDEC7AB6',\n  schema: 'A1DC63DC3BEC46B0828429A2EDEC7AB6',\n  certificate: '...',\n  hdi_user: 'A1DC63DC3BEC46B0828429A2EDEC7AB6_7J6NKK29549EC7UBMAK8977W0_DT',\n  hdi_password: '...',\n  user: 'A1DC63DC3BEC46B0828429A2EDEC7AB6_7J6NKK29549EC7UBMAK8977W0_RT',\n  password: '...'\n}","type":"log"} (STDOUT, APP/PROC/WEB)#
#2026 05 05 11:31:11.092#Z#DEBUG#c7370093-4875-11f1-975e-eeee0a9f35b1.Employee-Timesheet-srv#flowable-async-job-executor-thread-38497#
[PollStageAppStatusExecution] ae8114fa-4289-4e3b-bdc3-90a27204a982 [2026-05-05T11:15:09.065506] {"level":"info","logger":"cds","timestamp":"2026-05-05T11:15:09.065Z","layer":"cds","component_type":"application","container_id":"10.32.1.6","component_id":"ae8114fa-4289-4e3b-bdc3-90a27204a982","component_name":"Employee-Timesheet-srv","component_instance":0,"source_instance":0,"organization_name":"6dfafd79trial","organization_id":"dce7e53b-ca34-4455-bfae-163dbed7ca85","space_name":"dev","space_id":"6ccb6ca8-996b-4a17-97ca-1417bb2b911f","msg":"using auth strategy { kind: 'xsuaa' }","type":"log"} (STDOUT, APP/PROC/WEB)#
#2026 05 05 11:31:11.092#Z#DEBUG#c7370093-4875-11f1-975e-eeee0a9f35b1.Employee-Timesheet-srv#flowable-async-job-executor-thread-38497#
[PollStageAppStatusExecution] ae8114fa-4289-4e3b-bdc3-90a27204a982 [2026-05-05T11:15:09.121534] {"level":"info","logger":"cds","timestamp":"2026-05-05T11:15:09.121Z","layer":"cds","component_type":"application","container_id":"10.32.1.6","component_id":"ae8114fa-4289-4e3b-bdc3-90a27204a982","component_name":"Employee-Timesheet-srv","component_instance":0,"source_instance":0,"organization_name":"6dfafd79trial","organization_id":"dce7e53b-ca34-4455-bfae-163dbed7ca85","space_name":"dev","space_id":"6ccb6ca8-996b-4a17-97ca-1417bb2b911f","msg":"serving EmployeeService {\n  at: [ '/employee' ],\n  decl: 'srv/csn.json:478',\n  impl: 'srv/timesheet-service.js'\n}","type":"log"} (STDOUT, APP/PROC/WEB)#
#2026 05 05 11:31:11.092#Z#DEBUG#c7370093-4875-11f1-975e-eeee0a9f35b1.Employee-Timesheet-srv#flowable-async-job-executor-thread-38497#
[PollStageAppStatusExecution] ae8114fa-4289-4e3b-bdc3-90a27204a982 [2026-05-05T11:15:09.122237] {"level":"info","logger":"cds","timestamp":"2026-05-05T11:15:09.122Z","layer":"cds","component_type":"application","container_id":"10.32.1.6","component_id":"ae8114fa-4289-4e3b-bdc3-90a27204a982","component_name":"Employee-Timesheet-srv","component_instance":0,"source_instance":0,"organization_name":"6dfafd79trial","organization_id":"dce7e53b-ca34-4455-bfae-163dbed7ca85","space_name":"dev","space_id":"6ccb6ca8-996b-4a17-97ca-1417bb2b911f","msg":"serving ManagerService {\n  at: [ '/manager' ],\n  decl: 'srv/csn.json:873',\n  impl: 'srv/timesheet-service.js'\n}","type":"log"} (STDOUT, APP/PROC/WEB)#
#2026 05 05 11:31:11.092#Z#DEBUG#c7370093-4875-11f1-975e-eeee0a9f35b1.Employee-Timesheet-srv#flowable-async-job-executor-thread-38497#
[PollStageAppStatusExecution] ae8114fa-4289-4e3b-bdc3-90a27204a982 [2026-05-05T11:15:09.132004] {"level":"info","logger":"cds","timestamp":"2026-05-05T11:15:09.131Z","layer":"cds","component_type":"application","container_id":"10.32.1.6","component_id":"ae8114fa-4289-4e3b-bdc3-90a27204a982","component_name":"Employee-Timesheet-srv","component_instance":0,"source_instance":0,"organization_name":"6dfafd79trial","organization_id":"dce7e53b-ca34-4455-bfae-163dbed7ca85","space_name":"dev","space_id":"6ccb6ca8-996b-4a17-97ca-1417bb2b911f","msg":"server listening on { url: 'http://localhost:8080' }","type":"log"} (STDOUT, APP/PROC/WEB)#
#2026 05 05 11:31:11.092#Z#DEBUG#c7370093-4875-11f1-975e-eeee0a9f35b1.Employee-Timesheet-srv#flowable-async-job-executor-thread-38497#
[PollStageAppStatusExecution] ae8114fa-4289-4e3b-bdc3-90a27204a982 [2026-05-05T11:15:09.133870] {"level":"info","logger":"cds","timestamp":"2026-05-05T11:15:09.133Z","layer":"cds","component_type":"application","container_id":"10.32.1.6","component_id":"ae8114fa-4289-4e3b-bdc3-90a27204a982","component_name":"Employee-Timesheet-srv","component_instance":0,"source_instance":0,"organization_name":"6dfafd79trial","organization_id":"dce7e53b-ca34-4455-bfae-163dbed7ca85","space_name":"dev","space_id":"6ccb6ca8-996b-4a17-97ca-1417bb2b911f","msg":"server v9.9.0 launched in 674 ms","type":"log"} (STDOUT, APP/PROC/WEB)#
#2026 05 05 11:31:11.092#Z#DEBUG#c7370093-4875-11f1-975e-eeee0a9f35b1.Employee-Timesheet-srv#flowable-async-job-executor-thread-38497#
[PollStageAppStatusExecution] ae8114fa-4289-4e3b-bdc3-90a27204a982 [2026-05-05T11:15:10.907099] Container became healthy (STDOUT, CELL)#
#2026 05 05 11:31:11.092#Z#DEBUG#c7370093-4875-11f1-975e-eeee0a9f35b1.Employee-Timesheet-srv#flowable-async-job-executor-thread-38497#
[PollStageAppStatusExecution] ae8114fa-4289-4e3b-bdc3-90a27204a982 [2026-05-05T11:15:10.934059] Process became ready with guid ae8114fa-4289-4e3b-bdc3-90a27204a982 payload: {"instance"=>"48f70a33-4c23-4547-4544-8ec7", "index"=>0, "cell_id"=>"684caff8-89cd-492b-be01-b3d0835f1763", "ready"=>true, "version"=>"d5ab896c-7ec1-4fbd-ad8a-d3cba1be4def"} (STDOUT, API)#
#2026 05 05 11:31:11.092#Z#DEBUG#c7370093-4875-11f1-975e-eeee0a9f35b1.Employee-Timesheet-srv#flowable-async-job-executor-thread-38497#
[PollStageAppStatusExecution] ae8114fa-4289-4e3b-bdc3-90a27204a982 [2026-05-05T11:30:22.923260] Updated app with guid ae8114fa-4289-4e3b-bdc3-90a27204a982 ({"lifecycle"=>{"data"=>{"buildpacks"=>["nodejs_buildpack"]}, "type"=>"buildpack"}}) (STDOUT, API)#
#2026 05 05 11:31:11.092#Z#DEBUG#c7370093-4875-11f1-975e-eeee0a9f35b1.Employee-Timesheet-srv#flowable-async-job-executor-thread-38497#
[PollStageAppStatusExecution] ae8114fa-4289-4e3b-bdc3-90a27204a982 [2026-05-05T11:30:23.022904] Updating process: "web" (STDOUT, API)#
#2026 05 05 11:31:11.092#Z#DEBUG#c7370093-4875-11f1-975e-eeee0a9f35b1.Employee-Timesheet-srv#flowable-async-job-executor-thread-38497#
[PollStageAppStatusExecution] ae8114fa-4289-4e3b-bdc3-90a27204a982 [2026-05-05T11:30:50.824001] Uploading app package for app with guid ae8114fa-4289-4e3b-bdc3-90a27204a982 (STDOUT, API)#
#2026 05 05 11:31:11.092#Z#DEBUG#c7370093-4875-11f1-975e-eeee0a9f35b1.Employee-Timesheet-srv#flowable-async-job-executor-thread-38497#
[PollStageAppStatusExecution] ae8114fa-4289-4e3b-bdc3-90a27204a982 [2026-05-05T11:30:51.041752] Updated app with guid ae8114fa-4289-4e3b-bdc3-90a27204a982 ({"environment_variables"=>"[PRIVATE DATA HIDDEN]"}) (STDOUT, API)#
#2026 05 05 11:31:11.092#Z#DEBUG#c7370093-4875-11f1-975e-eeee0a9f35b1.Employee-Timesheet-srv#flowable-async-job-executor-thread-38497#
[PollStageAppStatusExecution] ae8114fa-4289-4e3b-bdc3-90a27204a982 [2026-05-05T11:31:01.094103] Stopping app with guid ae8114fa-4289-4e3b-bdc3-90a27204a982 (STDOUT, API)#
#2026 05 05 11:31:11.092#Z#DEBUG#c7370093-4875-11f1-975e-eeee0a9f35b1.Employee-Timesheet-srv#flowable-async-job-executor-thread-38497#
[PollStageAppStatusExecution] ae8114fa-4289-4e3b-bdc3-90a27204a982 [2026-05-05T11:31:01.135995] Cell 684caff8-89cd-492b-be01-b3d0835f1763 stopping instance 48f70a33-4c23-4547-4544-8ec7 (STDOUT, CELL)#
#2026 05 05 11:31:11.092#Z#DEBUG#c7370093-4875-11f1-975e-eeee0a9f35b1.Employee-Timesheet-srv#flowable-async-job-executor-thread-38497#
[PollStageAppStatusExecution] ae8114fa-4289-4e3b-bdc3-90a27204a982 [2026-05-05T11:31:01.301408] Creating build for app with guid ae8114fa-4289-4e3b-bdc3-90a27204a982 (STDOUT, API)#
#2026 05 05 11:31:11.092#Z#DEBUG#c7370093-4875-11f1-975e-eeee0a9f35b1.Employee-Timesheet-srv#flowable-async-job-executor-thread-38497#
[PollStageAppStatusExecution] ae8114fa-4289-4e3b-bdc3-90a27204a982 [2026-05-05T11:31:01.666556] Downloading nodejs_buildpack... (STDOUT, STG)#
#2026 05 05 11:31:11.092#Z#DEBUG#c7370093-4875-11f1-975e-eeee0a9f35b1.Employee-Timesheet-srv#flowable-async-job-executor-thread-38497#
[PollStageAppStatusExecution] ae8114fa-4289-4e3b-bdc3-90a27204a982 [2026-05-05T11:31:01.726901] Downloaded nodejs_buildpack (STDOUT, STG)#
#2026 05 05 11:31:11.092#Z#DEBUG#c7370093-4875-11f1-975e-eeee0a9f35b1.Employee-Timesheet-srv#flowable-async-job-executor-thread-38497#
[PollStageAppStatusExecution] ae8114fa-4289-4e3b-bdc3-90a27204a982 [2026-05-05T11:31:01.726983] Cell c839c7b1-088e-41af-b9b7-66256aacd457 creating container for instance 25b6c622-4d2e-47cf-a5c6-0cc626d8231d (STDOUT, STG)#
#2026 05 05 11:31:11.092#Z#DEBUG#c7370093-4875-11f1-975e-eeee0a9f35b1.Employee-Timesheet-srv#flowable-async-job-executor-thread-38497#
[PollStageAppStatusExecution] ae8114fa-4289-4e3b-bdc3-90a27204a982 [2026-05-05T11:31:03.263859] Security group rules were updated (STDOUT, STG)#
#2026 05 05 11:31:11.092#Z#DEBUG#c7370093-4875-11f1-975e-eeee0a9f35b1.Employee-Timesheet-srv#flowable-async-job-executor-thread-38497#
[PollStageAppStatusExecution] ae8114fa-4289-4e3b-bdc3-90a27204a982 [2026-05-05T11:31:03.361989] Cell c839c7b1-088e-41af-b9b7-66256aacd457 successfully created container for instance 25b6c622-4d2e-47cf-a5c6-0cc626d8231d (STDOUT, STG)#
#2026 05 05 11:31:11.092#Z#DEBUG#c7370093-4875-11f1-975e-eeee0a9f35b1.Employee-Timesheet-srv#flowable-async-job-executor-thread-38497#
[PollStageAppStatusExecution] ae8114fa-4289-4e3b-bdc3-90a27204a982 [2026-05-05T11:31:03.552400] Downloading app package... (STDOUT, STG)#
#2026 05 05 11:31:11.092#Z#DEBUG#c7370093-4875-11f1-975e-eeee0a9f35b1.Employee-Timesheet-srv#flowable-async-job-executor-thread-38497#
[PollStageAppStatusExecution] ae8114fa-4289-4e3b-bdc3-90a27204a982 [2026-05-05T11:31:03.552576] Downloading build artifacts cache... (STDOUT, STG)#
#2026 05 05 11:31:11.092#Z#DEBUG#c7370093-4875-11f1-975e-eeee0a9f35b1.Employee-Timesheet-srv#flowable-async-job-executor-thread-38497#
[PollStageAppStatusExecution] ae8114fa-4289-4e3b-bdc3-90a27204a982 [2026-05-05T11:31:03.736376] Downloaded build artifacts cache (221B) (STDOUT, STG)#
#2026 05 05 11:31:11.092#Z#DEBUG#c7370093-4875-11f1-975e-eeee0a9f35b1.Employee-Timesheet-srv#flowable-async-job-executor-thread-38497#
[PollStageAppStatusExecution] ae8114fa-4289-4e3b-bdc3-90a27204a982 [2026-05-05T11:31:04.432954] Downloaded app package (3.5M) (STDOUT, STG)#
#2026 05 05 11:31:11.092#Z#DEBUG#c7370093-4875-11f1-975e-eeee0a9f35b1.Employee-Timesheet-srv#flowable-async-job-executor-thread-38497#
[PollStageAppStatusExecution] ae8114fa-4289-4e3b-bdc3-90a27204a982 [2026-05-05T11:31:04.567889] -----> Nodejs Buildpack version 1.8.44 (STDOUT, STG)#
#2026 05 05 11:31:11.092#Z#DEBUG#c7370093-4875-11f1-975e-eeee0a9f35b1.Employee-Timesheet-srv#flowable-async-job-executor-thread-38497#
[PollStageAppStatusExecution] ae8114fa-4289-4e3b-bdc3-90a27204a982 [2026-05-05T11:31:04.797988] -----> Bootstrapping python (STDOUT, STG)#
#2026 05 05 11:31:11.092#Z#DEBUG#c7370093-4875-11f1-975e-eeee0a9f35b1.Employee-Timesheet-srv#flowable-async-job-executor-thread-38497#
[PollStageAppStatusExecution] ae8114fa-4289-4e3b-bdc3-90a27204a982 [2026-05-05T11:31:04.798015] -----> Installing python 3.11.14 (STDOUT, STG)#
#2026 05 05 11:31:11.092#Z#DEBUG#c7370093-4875-11f1-975e-eeee0a9f35b1.Employee-Timesheet-srv#flowable-async-job-executor-thread-38497#
[PollStageAppStatusExecution] ae8114fa-4289-4e3b-bdc3-90a27204a982 [2026-05-05T11:31:04.798526] Copy [/tmp/buildpacks/978cee5ec9c58000/dependencies/b5e0345ae0ae1932e7d56fffaa49a487/python_3.11.14_linux_x64_cflinuxfs4_66f53248.tgz] (STDOUT, STG)#
#2026 05 05 11:31:11.092#Z#DEBUG#c7370093-4875-11f1-975e-eeee0a9f35b1.Employee-Timesheet-srv#flowable-async-job-executor-thread-38497#
[PollStageAppStatusExecution] ae8114fa-4289-4e3b-bdc3-90a27204a982 [2026-05-05T11:31:10.672028] -----> Installing binaries (STDOUT, STG)#
#2026 05 05 11:31:11.092#Z#DEBUG#c7370093-4875-11f1-975e-eeee0a9f35b1.Employee-Timesheet-srv#flowable-async-job-executor-thread-38497#
[PollStageAppStatusExecution] ae8114fa-4289-4e3b-bdc3-90a27204a982 [2026-05-05T11:31:10.672254] engines.node (package.json): >=20 (STDOUT, STG)#
#2026 05 05 11:31:11.092#Z#DEBUG#c7370093-4875-11f1-975e-eeee0a9f35b1.Employee-Timesheet-srv#flowable-async-job-executor-thread-38497#
[PollStageAppStatusExecution] ae8114fa-4289-4e3b-bdc3-90a27204a982 [2026-05-05T11:31:10.672273] engines.npm (package.json): unspecified (use default) (STDOUT, STG)#
#2026 05 05 11:31:11.092#Z#DEBUG#c7370093-4875-11f1-975e-eeee0a9f35b1.Employee-Timesheet-srv#flowable-async-job-executor-thread-38497#
[PollStageAppStatusExecution] ae8114fa-4289-4e3b-bdc3-90a27204a982 [2026-05-05T11:31:10.672384] [31;1m**WARNING**[0m Dangerous semver range (>) in engines.node. See: http://docs.cloudfoundry.org/buildpacks/node/node-tips.html (STDOUT, STG)#
#2026 05 05 11:31:11.092#Z#DEBUG#c7370093-4875-11f1-975e-eeee0a9f35b1.Employee-Timesheet-srv#flowable-async-job-executor-thread-38497#
[PollStageAppStatusExecution] ae8114fa-4289-4e3b-bdc3-90a27204a982 [2026-05-05T11:31:10.672575] -----> Installing node 24.13.0 (STDOUT, STG)#
#2026 05 05 11:31:11.092#Z#DEBUG#c7370093-4875-11f1-975e-eeee0a9f35b1.Employee-Timesheet-srv#flowable-async-job-executor-thread-38497#
[PollStageAppStatusExecution] ae8114fa-4289-4e3b-bdc3-90a27204a982 [2026-05-05T11:31:10.673017] Copy [/tmp/buildpacks/978cee5ec9c58000/dependencies/2f5692219fecc3eee6e6d507a6bfe7b9/node_24.13.0_linux_x64_cflinuxfs4_a816dee1.tgz] (STDOUT, STG)#
#2026 05 05 11:31:21.212#Z#DEBUG#c7370093-4875-11f1-975e-eeee0a9f35b1.Employee-Timesheet-srv#flowable-async-job-executor-thread-38503#
[PollStageAppStatusExecution] ae8114fa-4289-4e3b-bdc3-90a27204a982 [2026-05-05T11:31:13.489728] Using default npm version: 11.6.2 (STDOUT, STG)#
#2026 05 05 11:31:21.212#Z#DEBUG#c7370093-4875-11f1-975e-eeee0a9f35b1.Employee-Timesheet-srv#flowable-async-job-executor-thread-38503#
[PollStageAppStatusExecution] ae8114fa-4289-4e3b-bdc3-90a27204a982 [2026-05-05T11:31:13.489792] -----> Installing yarn 1.22.22 (STDOUT, STG)#
#2026 05 05 11:31:21.212#Z#DEBUG#c7370093-4875-11f1-975e-eeee0a9f35b1.Employee-Timesheet-srv#flowable-async-job-executor-thread-38503#
[PollStageAppStatusExecution] ae8114fa-4289-4e3b-bdc3-90a27204a982 [2026-05-05T11:31:13.489809] Copy [/tmp/buildpacks/978cee5ec9c58000/dependencies/e3a39aedd1236924d69cc2d0637a8ed2/yarn_1.22.22_linux_noarch_any-stack_4911d0a6.tgz] (STDOUT, STG)#
#2026 05 05 11:31:21.212#Z#DEBUG#c7370093-4875-11f1-975e-eeee0a9f35b1.Employee-Timesheet-srv#flowable-async-job-executor-thread-38503#
[PollStageAppStatusExecution] ae8114fa-4289-4e3b-bdc3-90a27204a982 [2026-05-05T11:31:13.882521] Installed yarn 1.22.22 (STDOUT, STG)#
#2026 05 05 11:31:21.212#Z#DEBUG#c7370093-4875-11f1-975e-eeee0a9f35b1.Employee-Timesheet-srv#flowable-async-job-executor-thread-38503#
[PollStageAppStatusExecution] ae8114fa-4289-4e3b-bdc3-90a27204a982 [2026-05-05T11:31:13.882548] -----> Creating runtime environment (STDOUT, STG)#
#2026 05 05 11:31:21.212#Z#DEBUG#c7370093-4875-11f1-975e-eeee0a9f35b1.Employee-Timesheet-srv#flowable-async-job-executor-thread-38503#
[PollStageAppStatusExecution] ae8114fa-4289-4e3b-bdc3-90a27204a982 [2026-05-05T11:31:13.884503] NODE_ENV=production (STDOUT, STG)#
#2026 05 05 11:31:21.212#Z#DEBUG#c7370093-4875-11f1-975e-eeee0a9f35b1.Employee-Timesheet-srv#flowable-async-job-executor-thread-38503#
[PollStageAppStatusExecution] ae8114fa-4289-4e3b-bdc3-90a27204a982 [2026-05-05T11:31:13.884523] NODE_HOME=/tmp/contents2525559658/deps/0/node (STDOUT, STG)#
#2026 05 05 11:31:21.212#Z#DEBUG#c7370093-4875-11f1-975e-eeee0a9f35b1.Employee-Timesheet-srv#flowable-async-job-executor-thread-38503#
[PollStageAppStatusExecution] ae8114fa-4289-4e3b-bdc3-90a27204a982 [2026-05-05T11:31:13.884525] NODE_MODULES_CACHE=true (STDOUT, STG)#
#2026 05 05 11:31:21.212#Z#DEBUG#c7370093-4875-11f1-975e-eeee0a9f35b1.Employee-Timesheet-srv#flowable-async-job-executor-thread-38503#
[PollStageAppStatusExecution] ae8114fa-4289-4e3b-bdc3-90a27204a982 [2026-05-05T11:31:13.884527] NODE_VERBOSE=false (STDOUT, STG)#
#2026 05 05 11:31:21.212#Z#DEBUG#c7370093-4875-11f1-975e-eeee0a9f35b1.Employee-Timesheet-srv#flowable-async-job-executor-thread-38503#
[PollStageAppStatusExecution] ae8114fa-4289-4e3b-bdc3-90a27204a982 [2026-05-05T11:31:13.884529] NPM_CONFIG_LOGLEVEL=error (STDOUT, STG)#
#2026 05 05 11:31:21.212#Z#DEBUG#c7370093-4875-11f1-975e-eeee0a9f35b1.Employee-Timesheet-srv#flowable-async-job-executor-thread-38503#
[PollStageAppStatusExecution] ae8114fa-4289-4e3b-bdc3-90a27204a982 [2026-05-05T11:31:13.884532] NPM_CONFIG_PRODUCTION=true (STDOUT, STG)#
#2026 05 05 11:31:21.212#Z#DEBUG#c7370093-4875-11f1-975e-eeee0a9f35b1.Employee-Timesheet-srv#flowable-async-job-executor-thread-38503#
[PollStageAppStatusExecution] ae8114fa-4289-4e3b-bdc3-90a27204a982 [2026-05-05T11:31:13.884558] -----> Building dependencies (STDOUT, STG)#
#2026 05 05 11:31:21.212#Z#DEBUG#c7370093-4875-11f1-975e-eeee0a9f35b1.Employee-Timesheet-srv#flowable-async-job-executor-thread-38503#
[PollStageAppStatusExecution] ae8114fa-4289-4e3b-bdc3-90a27204a982 [2026-05-05T11:31:13.884561] Prebuild detected (node_modules already exists) (STDOUT, STG)#
#2026 05 05 11:31:21.212#Z#DEBUG#c7370093-4875-11f1-975e-eeee0a9f35b1.Employee-Timesheet-srv#flowable-async-job-executor-thread-38503#
[PollStageAppStatusExecution] ae8114fa-4289-4e3b-bdc3-90a27204a982 [2026-05-05T11:31:13.884643] Rebuilding any native modules (STDOUT, STG)#
#2026 05 05 11:31:21.212#Z#DEBUG#c7370093-4875-11f1-975e-eeee0a9f35b1.Employee-Timesheet-srv#flowable-async-job-executor-thread-38503#
[PollStageAppStatusExecution] ae8114fa-4289-4e3b-bdc3-90a27204a982 [2026-05-05T11:31:14.589060] rebuilt dependencies successfully (STDOUT, STG)#
#2026 05 05 11:31:21.212#Z#DEBUG#c7370093-4875-11f1-975e-eeee0a9f35b1.Employee-Timesheet-srv#flowable-async-job-executor-thread-38503#
[PollStageAppStatusExecution] ae8114fa-4289-4e3b-bdc3-90a27204a982 [2026-05-05T11:31:14.590946] npm notice (STDOUT, STG)#
#2026 05 05 11:31:21.212#Z#DEBUG#c7370093-4875-11f1-975e-eeee0a9f35b1.Employee-Timesheet-srv#flowable-async-job-executor-thread-38503#
[PollStageAppStatusExecution] ae8114fa-4289-4e3b-bdc3-90a27204a982 [2026-05-05T11:31:14.590969] npm notice New minor version of npm available! 11.6.2 -> 11.13.0 (STDOUT, STG)#
#2026 05 05 11:31:21.212#Z#DEBUG#c7370093-4875-11f1-975e-eeee0a9f35b1.Employee-Timesheet-srv#flowable-async-job-executor-thread-38503#
[PollStageAppStatusExecution] ae8114fa-4289-4e3b-bdc3-90a27204a982 [2026-05-05T11:31:14.590974] npm notice Changelog: https://github.com/npm/cli/releases/tag/v11.13.0 (STDOUT, STG)#
#2026 05 05 11:31:21.212#Z#DEBUG#c7370093-4875-11f1-975e-eeee0a9f35b1.Employee-Timesheet-srv#flowable-async-job-executor-thread-38503#
[PollStageAppStatusExecution] ae8114fa-4289-4e3b-bdc3-90a27204a982 [2026-05-05T11:31:14.590976] npm notice To update run: npm install -g npm@11.13.0 (STDOUT, STG)#
#2026 05 05 11:31:21.212#Z#DEBUG#c7370093-4875-11f1-975e-eeee0a9f35b1.Employee-Timesheet-srv#flowable-async-job-executor-thread-38503#
[PollStageAppStatusExecution] ae8114fa-4289-4e3b-bdc3-90a27204a982 [2026-05-05T11:31:14.590981] npm notice (STDOUT, STG)#
#2026 05 05 11:31:21.212#Z#DEBUG#c7370093-4875-11f1-975e-eeee0a9f35b1.Employee-Timesheet-srv#flowable-async-job-executor-thread-38503#
[PollStageAppStatusExecution] ae8114fa-4289-4e3b-bdc3-90a27204a982 [2026-05-05T11:31:14.663950] Installing any new modules (package.json + package-lock.json) (STDOUT, STG)#
#2026 05 05 11:31:21.212#Z#DEBUG#c7370093-4875-11f1-975e-eeee0a9f35b1.Employee-Timesheet-srv#flowable-async-job-executor-thread-38503#
[PollStageAppStatusExecution] ae8114fa-4289-4e3b-bdc3-90a27204a982 [2026-05-05T11:31:15.390782] up to date in 635ms (STDOUT, STG)#
#2026 05 05 11:31:21.212#Z#DEBUG#c7370093-4875-11f1-975e-eeee0a9f35b1.Employee-Timesheet-srv#flowable-async-job-executor-thread-38503#
[PollStageAppStatusExecution] ae8114fa-4289-4e3b-bdc3-90a27204a982 [2026-05-05T11:31:15.390997] 25 packages are looking for funding (STDOUT, STG)#
#2026 05 05 11:31:21.212#Z#DEBUG#c7370093-4875-11f1-975e-eeee0a9f35b1.Employee-Timesheet-srv#flowable-async-job-executor-thread-38503#
[PollStageAppStatusExecution] ae8114fa-4289-4e3b-bdc3-90a27204a982 [2026-05-05T11:31:15.391057] run `npm fund` for details (STDOUT, STG)#
#2026 05 05 11:31:21.212#Z#DEBUG#c7370093-4875-11f1-975e-eeee0a9f35b1.Employee-Timesheet-srv#flowable-async-job-executor-thread-38503#
[PollStageAppStatusExecution] ae8114fa-4289-4e3b-bdc3-90a27204a982 [2026-05-05T11:31:16.493468] Contrast Security no credentials found. Will not write environment files. (STDOUT, STG)#
#2026 05 05 11:31:31.250#Z#DEBUG#c7370093-4875-11f1-975e-eeee0a9f35b1.Employee-Timesheet-srv#flowable-async-job-executor-thread-38514#
[PollStageAppStatusExecution] ae8114fa-4289-4e3b-bdc3-90a27204a982 [2026-05-05T11:31:26.966130] Exit status 0 (STDOUT, STG)#
#2026 05 05 11:31:31.250#Z#DEBUG#c7370093-4875-11f1-975e-eeee0a9f35b1.Employee-Timesheet-srv#flowable-async-job-executor-thread-38514#
[PollStageAppStatusExecution] ae8114fa-4289-4e3b-bdc3-90a27204a982 [2026-05-05T11:31:26.966189] Uploading droplet, build artifacts cache... (STDOUT, STG)#
#2026 05 05 11:31:31.250#Z#DEBUG#c7370093-4875-11f1-975e-eeee0a9f35b1.Employee-Timesheet-srv#flowable-async-job-executor-thread-38514#
[PollStageAppStatusExecution] ae8114fa-4289-4e3b-bdc3-90a27204a982 [2026-05-05T11:31:26.966232] Uploading droplet... (STDOUT, STG)#
#2026 05 05 11:31:31.250#Z#DEBUG#c7370093-4875-11f1-975e-eeee0a9f35b1.Employee-Timesheet-srv#flowable-async-job-executor-thread-38514#
[PollStageAppStatusExecution] ae8114fa-4289-4e3b-bdc3-90a27204a982 [2026-05-05T11:31:26.966322] Uploading build artifacts cache... (STDOUT, STG)#
#2026 05 05 11:31:31.250#Z#DEBUG#c7370093-4875-11f1-975e-eeee0a9f35b1.Employee-Timesheet-srv#flowable-async-job-executor-thread-38514#
[PollStageAppStatusExecution] ae8114fa-4289-4e3b-bdc3-90a27204a982 [2026-05-05T11:31:26.987408] Uploaded build artifacts cache (223B) (STDOUT, STG)#
#2026 05 05 11:31:31.250#Z#DEBUG#c7370093-4875-11f1-975e-eeee0a9f35b1.Employee-Timesheet-srv#flowable-async-job-executor-thread-38514#
[PollStageAppStatusExecution] ae8114fa-4289-4e3b-bdc3-90a27204a982 [2026-05-05T11:31:27.692142] Creating droplet for app with guid ae8114fa-4289-4e3b-bdc3-90a27204a982 (STDOUT, API)#
#2026 05 05 11:31:31.250#Z#DEBUG#c7370093-4875-11f1-975e-eeee0a9f35b1.Employee-Timesheet-srv#flowable-async-job-executor-thread-38514#
[PollStageAppStatusExecution] ae8114fa-4289-4e3b-bdc3-90a27204a982 [2026-05-05T11:31:30.758104] Uploaded droplet (59.1M) (STDOUT, STG)#
#2026 05 05 11:31:31.250#Z#DEBUG#c7370093-4875-11f1-975e-eeee0a9f35b1.Employee-Timesheet-srv#flowable-async-job-executor-thread-38514#
[PollStageAppStatusExecution] ae8114fa-4289-4e3b-bdc3-90a27204a982 [2026-05-05T11:31:30.779504] Uploading complete (STDOUT, STG)#
#2026 05 05 11:31:41.243#Z#DEBUG#c7370093-4875-11f1-975e-eeee0a9f35b1.Employee-Timesheet-srv#flowable-async-job-executor-thread-38518#
[PollStageAppStatusExecution] ae8114fa-4289-4e3b-bdc3-90a27204a982 [2026-05-05T11:31:31.599709] Cell c839c7b1-088e-41af-b9b7-66256aacd457 stopping instance 25b6c622-4d2e-47cf-a5c6-0cc626d8231d (STDOUT, STG)#
#2026 05 05 11:31:41.243#Z#DEBUG#c7370093-4875-11f1-975e-eeee0a9f35b1.Employee-Timesheet-srv#flowable-async-job-executor-thread-38518#
[PollStageAppStatusExecution] ae8114fa-4289-4e3b-bdc3-90a27204a982 [2026-05-05T11:31:31.599743] Cell c839c7b1-088e-41af-b9b7-66256aacd457 destroying container for instance 25b6c622-4d2e-47cf-a5c6-0cc626d8231d (STDOUT, STG)#
#2026 05 05 11:31:41.243#Z#DEBUG#c7370093-4875-11f1-975e-eeee0a9f35b1.Employee-Timesheet-srv#flowable-async-job-executor-thread-38518#
[PollStageAppStatusExecution] ae8114fa-4289-4e3b-bdc3-90a27204a982 [2026-05-05T11:31:31.649882] Staging complete for build 25b6c622-4d2e-47cf-a5c6-0cc626d8231d (STDOUT, API)#
#2026 05 05 11:31:41.243#Z#DEBUG#c7370093-4875-11f1-975e-eeee0a9f35b1.Employee-Timesheet-srv#flowable-async-job-executor-thread-38518#
[PollStageAppStatusExecution] ae8114fa-4289-4e3b-bdc3-90a27204a982 [2026-05-05T11:31:35.534845] Cell c839c7b1-088e-41af-b9b7-66256aacd457 successfully destroyed container for instance 25b6c622-4d2e-47cf-a5c6-0cc626d8231d (STDOUT, STG)#
#2026 05 05 11:31:51.350#Z#DEBUG#c7370093-4875-11f1-975e-eeee0a9f35b1.Employee-Timesheet-srv#flowable-async-job-executor-thread-38529#
[PollStartAppStatusExecution] ae8114fa-4289-4e3b-bdc3-90a27204a982 [2026-05-05T11:31:41.483455] Creating revision for app with guid ae8114fa-4289-4e3b-bdc3-90a27204a982 (STDOUT, API)#
#2026 05 05 11:31:51.350#Z#DEBUG#c7370093-4875-11f1-975e-eeee0a9f35b1.Employee-Timesheet-srv#flowable-async-job-executor-thread-38529#
[PollStartAppStatusExecution] ae8114fa-4289-4e3b-bdc3-90a27204a982 [2026-05-05T11:31:41.519119] Starting app with guid ae8114fa-4289-4e3b-bdc3-90a27204a982 (STDOUT, API)#
#2026 05 05 11:31:51.350#Z#DEBUG#c7370093-4875-11f1-975e-eeee0a9f35b1.Employee-Timesheet-srv#flowable-async-job-executor-thread-38529#
[PollStartAppStatusExecution] ae8114fa-4289-4e3b-bdc3-90a27204a982 [2026-05-05T11:31:41.742868] Cell c839c7b1-088e-41af-b9b7-66256aacd457 creating container for instance 2de04e59-c467-4698-6d15-064a (STDOUT, CELL)#
#2026 05 05 11:31:51.350#Z#DEBUG#c7370093-4875-11f1-975e-eeee0a9f35b1.Employee-Timesheet-srv#flowable-async-job-executor-thread-38529#
[PollStartAppStatusExecution] ae8114fa-4289-4e3b-bdc3-90a27204a982 [2026-05-05T11:31:42.549687] Security group rules were updated (STDOUT, CELL)#
#2026 05 05 11:31:51.350#Z#DEBUG#c7370093-4875-11f1-975e-eeee0a9f35b1.Employee-Timesheet-srv#flowable-async-job-executor-thread-38529#
[PollStartAppStatusExecution] ae8114fa-4289-4e3b-bdc3-90a27204a982 [2026-05-05T11:31:42.661200] Cell c839c7b1-088e-41af-b9b7-66256aacd457 successfully created container for instance 2de04e59-c467-4698-6d15-064a (STDOUT, CELL)#
#2026 05 05 11:32:11.404#Z#DEBUG#c7370093-4875-11f1-975e-eeee0a9f35b1.Employee-Timesheet-srv#flowable-async-job-executor-thread-38539#
[PollStartAppStatusExecution] ae8114fa-4289-4e3b-bdc3-90a27204a982 [2026-05-05T11:32:05.099836] Downloading droplet... (STDOUT, CELL)#
#2026 05 05 11:32:11.404#Z#DEBUG#c7370093-4875-11f1-975e-eeee0a9f35b1.Employee-Timesheet-srv#flowable-async-job-executor-thread-38539#
[PollStartAppStatusExecution] ae8114fa-4289-4e3b-bdc3-90a27204a982 [2026-05-05T11:32:08.568082] Cell 684caff8-89cd-492b-be01-b3d0835f1763 destroying container for instance 48f70a33-4c23-4547-4544-8ec7 (STDOUT, CELL)#
#2026 05 05 11:32:11.404#Z#DEBUG#c7370093-4875-11f1-975e-eeee0a9f35b1.Employee-Timesheet-srv#flowable-async-job-executor-thread-38539#
[PollStartAppStatusExecution] ae8114fa-4289-4e3b-bdc3-90a27204a982 [2026-05-05T11:32:08.853749] Exit status 137 (STDOUT, PROXY)#
#2026 05 05 11:32:11.404#Z#DEBUG#c7370093-4875-11f1-975e-eeee0a9f35b1.Employee-Timesheet-srv#flowable-async-job-executor-thread-38539#
[PollStartAppStatusExecution] ae8114fa-4289-4e3b-bdc3-90a27204a982 [2026-05-05T11:32:10.533827] Downloaded droplet (59.1M) (STDOUT, CELL)#
#2026 05 05 11:32:11.404#Z#DEBUG#c7370093-4875-11f1-975e-eeee0a9f35b1.Employee-Timesheet-srv#flowable-async-job-executor-thread-38539#
[PollStartAppStatusExecution] ae8114fa-4289-4e3b-bdc3-90a27204a982 [2026-05-05T11:32:10.533946] Starting health monitoring of container (STDOUT, CELL)#
#2026 05 05 11:32:11.404#Z#DEBUG#c7370093-4875-11f1-975e-eeee0a9f35b1.Employee-Timesheet-srv#flowable-async-job-executor-thread-38539#
[PollStartAppStatusExecution] ae8114fa-4289-4e3b-bdc3-90a27204a982 [2026-05-05T11:32:10.716551] Invoking pre-start scripts. (STDOUT, APP/PROC/WEB)#
#2026 05 05 11:32:11.404#Z#DEBUG#c7370093-4875-11f1-975e-eeee0a9f35b1.Employee-Timesheet-srv#flowable-async-job-executor-thread-38539#
[PollStartAppStatusExecution] ae8114fa-4289-4e3b-bdc3-90a27204a982 [2026-05-05T11:32:10.957523] Invoking start command. (STDOUT, APP/PROC/WEB)#
#2026 05 05 11:32:21.686#Z#DEBUG#c7370093-4875-11f1-975e-eeee0a9f35b1.Employee-Timesheet-srv#flowable-async-job-executor-thread-38548#
[PollStartAppStatusExecution] ae8114fa-4289-4e3b-bdc3-90a27204a982 [2026-05-05T11:32:11.191710] Cell 684caff8-89cd-492b-be01-b3d0835f1763 successfully destroyed container for instance 48f70a33-4c23-4547-4544-8ec7 (STDOUT, CELL)#
#2026 05 05 11:32:21.686#Z#DEBUG#c7370093-4875-11f1-975e-eeee0a9f35b1.Employee-Timesheet-srv#flowable-async-job-executor-thread-38548#
[PollStartAppStatusExecution] ae8114fa-4289-4e3b-bdc3-90a27204a982 [2026-05-05T11:32:11.467585] > Timesheet@1.0.0 start (STDOUT, APP/PROC/WEB)#
#2026 05 05 11:32:21.686#Z#DEBUG#c7370093-4875-11f1-975e-eeee0a9f35b1.Employee-Timesheet-srv#flowable-async-job-executor-thread-38548#
[PollStartAppStatusExecution] ae8114fa-4289-4e3b-bdc3-90a27204a982 [2026-05-05T11:32:11.467620] > cds-serve (STDOUT, APP/PROC/WEB)#
#2026 05 05 11:32:21.686#Z#DEBUG#c7370093-4875-11f1-975e-eeee0a9f35b1.Employee-Timesheet-srv#flowable-async-job-executor-thread-38548#
[PollStartAppStatusExecution] ae8114fa-4289-4e3b-bdc3-90a27204a982 [2026-05-05T11:32:11.815165] {"level":"info","logger":"cds","timestamp":"2026-05-05T11:32:11.813Z","layer":"cds","component_type":"application","container_id":"10.32.2.6","component_id":"ae8114fa-4289-4e3b-bdc3-90a27204a982","component_name":"Employee-Timesheet-srv","component_instance":0,"source_instance":0,"organization_name":"6dfafd79trial","organization_id":"dce7e53b-ca34-4455-bfae-163dbed7ca85","space_name":"dev","space_id":"6ccb6ca8-996b-4a17-97ca-1417bb2b911f","msg":"loaded model from 1 file(s):\n ","type":"log"} (STDOUT, APP/PROC/WEB)#
#2026 05 05 11:32:21.686#Z#DEBUG#c7370093-4875-11f1-975e-eeee0a9f35b1.Employee-Timesheet-srv#flowable-async-job-executor-thread-38548#
[PollStartAppStatusExecution] ae8114fa-4289-4e3b-bdc3-90a27204a982 [2026-05-05T11:32:11.815613] srv/csn.json (STDOUT, APP/PROC/WEB)#
#2026 05 05 11:32:21.686#Z#DEBUG#c7370093-4875-11f1-975e-eeee0a9f35b1.Employee-Timesheet-srv#flowable-async-job-executor-thread-38548#
[PollStartAppStatusExecution] ae8114fa-4289-4e3b-bdc3-90a27204a982 [2026-05-05T11:32:12.111954] {"level":"info","logger":"cds","timestamp":"2026-05-05T11:32:12.110Z","layer":"cds","component_type":"application","container_id":"10.32.2.6","component_id":"ae8114fa-4289-4e3b-bdc3-90a27204a982","component_name":"Employee-Timesheet-srv","component_instance":0,"source_instance":0,"organization_name":"6dfafd79trial","organization_id":"dce7e53b-ca34-4455-bfae-163dbed7ca85","space_name":"dev","space_id":"6ccb6ca8-996b-4a17-97ca-1417bb2b911f","msg":"connect to db > hana {\n  database_id: '3435a03d-0696-426f-8d4a-6ca8755009b2',\n  host: '3435a03d-0696-426f-8d4a-6ca8755009b2.hna1.prod-us10.hanacloud.ondemand.com',\n  port: '443',\n  driver: 'com.sap.db.jdbc.Driver',\n  url: 'jdbc:sap://3435a03d-0696-426f-8d4a-6ca8755009b2.hna1.prod-us10.hanacloud.ondemand.com:443?encrypt=true&validateCertificate=true&currentschema=A1DC63DC3BEC46B0828429A2EDEC7AB6',\n  schema: 'A1DC63DC3BEC46B0828429A2EDEC7AB6',\n  certificate: '...',\n  hdi_user: 'A1DC63DC3BEC46B0828429A2EDEC7AB6_7J6NKK29549EC7UBMAK8977W0_DT',\n  hdi_password: '...',\n  user: 'A1DC63DC3BEC46B0828429A2EDEC7AB6_7J6NKK29549EC7UBMAK8977W0_RT',\n  password: '...'\n}","type":"log"} (STDOUT, APP/PROC/WEB)#
#2026 05 05 11:32:21.686#Z#DEBUG#c7370093-4875-11f1-975e-eeee0a9f35b1.Employee-Timesheet-srv#flowable-async-job-executor-thread-38548#
[PollStartAppStatusExecution] ae8114fa-4289-4e3b-bdc3-90a27204a982 [2026-05-05T11:32:12.150621] {"level":"info","logger":"cds","timestamp":"2026-05-05T11:32:12.150Z","layer":"cds","component_type":"application","container_id":"10.32.2.6","component_id":"ae8114fa-4289-4e3b-bdc3-90a27204a982","component_name":"Employee-Timesheet-srv","component_instance":0,"source_instance":0,"organization_name":"6dfafd79trial","organization_id":"dce7e53b-ca34-4455-bfae-163dbed7ca85","space_name":"dev","space_id":"6ccb6ca8-996b-4a17-97ca-1417bb2b911f","msg":"using auth strategy { kind: 'xsuaa' }","type":"log"} (STDOUT, APP/PROC/WEB)#
#2026 05 05 11:32:21.686#Z#DEBUG#c7370093-4875-11f1-975e-eeee0a9f35b1.Employee-Timesheet-srv#flowable-async-job-executor-thread-38548#
[PollStartAppStatusExecution] ae8114fa-4289-4e3b-bdc3-90a27204a982 [2026-05-05T11:32:12.210711] {"level":"info","logger":"cds","timestamp":"2026-05-05T11:32:12.210Z","layer":"cds","component_type":"application","container_id":"10.32.2.6","component_id":"ae8114fa-4289-4e3b-bdc3-90a27204a982","component_name":"Employee-Timesheet-srv","component_instance":0,"source_instance":0,"organization_name":"6dfafd79trial","organization_id":"dce7e53b-ca34-4455-bfae-163dbed7ca85","space_name":"dev","space_id":"6ccb6ca8-996b-4a17-97ca-1417bb2b911f","msg":"serving EmployeeService {\n  at: [ '/employee' ],\n  decl: 'srv/csn.json:478',\n  impl: 'srv/timesheet-service.js'\n}","type":"log"} (STDOUT, APP/PROC/WEB)#
#2026 05 05 11:32:21.686#Z#DEBUG#c7370093-4875-11f1-975e-eeee0a9f35b1.Employee-Timesheet-srv#flowable-async-job-executor-thread-38548#
[PollStartAppStatusExecution] ae8114fa-4289-4e3b-bdc3-90a27204a982 [2026-05-05T11:32:12.211662] {"level":"info","logger":"cds","timestamp":"2026-05-05T11:32:12.211Z","layer":"cds","component_type":"application","container_id":"10.32.2.6","component_id":"ae8114fa-4289-4e3b-bdc3-90a27204a982","component_name":"Employee-Timesheet-srv","component_instance":0,"source_instance":0,"organization_name":"6dfafd79trial","organization_id":"dce7e53b-ca34-4455-bfae-163dbed7ca85","space_name":"dev","space_id":"6ccb6ca8-996b-4a17-97ca-1417bb2b911f","msg":"serving ManagerService {\n  at: [ '/manager' ],\n  decl: 'srv/csn.json:873',\n  impl: 'srv/timesheet-service.js'\n}","type":"log"} (STDOUT, APP/PROC/WEB)#
#2026 05 05 11:32:21.686#Z#DEBUG#c7370093-4875-11f1-975e-eeee0a9f35b1.Employee-Timesheet-srv#flowable-async-job-executor-thread-38548#
[PollStartAppStatusExecution] ae8114fa-4289-4e3b-bdc3-90a27204a982 [2026-05-05T11:32:12.220312] {"level":"info","logger":"cds","timestamp":"2026-05-05T11:32:12.219Z","layer":"cds","component_type":"application","container_id":"10.32.2.6","component_id":"ae8114fa-4289-4e3b-bdc3-90a27204a982","component_name":"Employee-Timesheet-srv","component_instance":0,"source_instance":0,"organization_name":"6dfafd79trial","organization_id":"dce7e53b-ca34-4455-bfae-163dbed7ca85","space_name":"dev","space_id":"6ccb6ca8-996b-4a17-97ca-1417bb2b911f","msg":"server listening on { url: 'http://localhost:8080' }","type":"log"} (STDOUT, APP/PROC/WEB)#
#2026 05 05 11:32:21.686#Z#DEBUG#c7370093-4875-11f1-975e-eeee0a9f35b1.Employee-Timesheet-srv#flowable-async-job-executor-thread-38548#
[PollStartAppStatusExecution] ae8114fa-4289-4e3b-bdc3-90a27204a982 [2026-05-05T11:32:12.221750] {"level":"info","logger":"cds","timestamp":"2026-05-05T11:32:12.221Z","layer":"cds","component_type":"application","container_id":"10.32.2.6","component_id":"ae8114fa-4289-4e3b-bdc3-90a27204a982","component_name":"Employee-Timesheet-srv","component_instance":0,"source_instance":0,"organization_name":"6dfafd79trial","organization_id":"dce7e53b-ca34-4455-bfae-163dbed7ca85","space_name":"dev","space_id":"6ccb6ca8-996b-4a17-97ca-1417bb2b911f","msg":"server v9.9.0 launched in 742 ms","type":"log"} (STDOUT, APP/PROC/WEB)#
#2026 05 05 11:32:21.686#Z#DEBUG#c7370093-4875-11f1-975e-eeee0a9f35b1.Employee-Timesheet-srv#flowable-async-job-executor-thread-38548#
[PollStartAppStatusExecution] ae8114fa-4289-4e3b-bdc3-90a27204a982 [2026-05-05T11:32:13.559508] Container became healthy (STDOUT, CELL)#
